Log file open, 03/26/20 18:30:00
LogWindows: Failed to load 'aqProf.dll' (GetLastError=126)
LogWindows: File 'aqProf.dll' does not exist
LogWindows: Failed to load 'VtuneApi.dll' (GetLastError=126)
LogWindows: File 'VtuneApi.dll' does not exist
LogWindows: Failed to load 'VtuneApi32e.dll' (GetLastError=126)
LogWindows: File 'VtuneApi32e.dll' does not exist
LogConsoleResponse: Display: Failed to find resolution value strings in scalability ini. Falling back to default.
LogInit: Display: Running engine for game: Dilbert
LogPlatformFile: Not using cached read wrapper
LogTaskGraph: Started task graph with 5 named threads and 14 total threads with 3 sets of task threads.
LogStats: Stats thread started at 0.334539
LogD3D11RHI: Loaded GFSDK_Aftermath_Lib.x64.dll
LogICUInternationalization: ICU TimeZone Detection - Raw Offset: -8:00, Platform Override: ''
LogPluginManager: Mounting plugin Paper2D
LogPluginManager: Mounting plugin AISupport
LogPluginManager: Mounting plugin LightPropagationVolume
LogPluginManager: Mounting plugin ActorLayerUtilities
LogPluginManager: Mounting plugin AnimationSharing
LogPluginManager: Mounting plugin CLionSourceCodeAccess
LogPluginManager: Mounting plugin CodeLiteSourceCodeAccess
LogPluginManager: Mounting plugin ConcertMain
LogPluginManager: Mounting plugin ConcertSyncClient
LogPluginManager: Mounting plugin ConcertSyncCore
LogPluginManager: Mounting plugin MultiUserClient
LogPluginManager: Mounting plugin GitSourceControl
LogPluginManager: Mounting plugin KDevelopSourceCodeAccess
LogPluginManager: Mounting plugin NullSourceCodeAccess
LogPluginManager: Mounting plugin PerforceSourceControl
LogPluginManager: Mounting plugin PlasticSourceControl
LogPluginManager: Mounting plugin SubversionSourceControl
LogPluginManager: Mounting plugin UObjectPlugin
LogPluginManager: Mounting plugin VisualStudioCodeSourceCodeAccess
LogPluginManager: Mounting plugin VisualStudioSourceCodeAccess
LogPluginManager: Mounting plugin XCodeSourceCodeAccess
LogPluginManager: Mounting plugin AssetManagerEditor
LogPluginManager: Mounting plugin CryptoKeys
LogPluginManager: Mounting plugin CurveEditorTools
LogPluginManager: Mounting plugin DataValidation
LogPluginManager: Mounting plugin FacialAnimation
LogPluginManager: Mounting plugin GameplayTagsEditor
LogPluginManager: Mounting plugin MacGraphicsSwitching
LogPluginManager: Mounting plugin MaterialAnalyzer
LogPluginManager: Mounting plugin MobileLauncherProfileWizard
LogPluginManager: Mounting plugin PluginBrowser
LogPluginManager: Mounting plugin SpeedTreeImporter
LogPluginManager: Mounting plugin DatasmithContent
LogPluginManager: Mounting plugin VariantManagerContent
LogPluginManager: Mounting plugin AlembicImporter
LogPluginManager: Mounting plugin AutomationUtils
LogPluginManager: Mounting plugin BackChannel
LogPluginManager: Mounting plugin CharacterAI
LogPluginManager: Mounting plugin GeometryCache
LogPluginManager: Mounting plugin PlatformCrypto
LogPluginManager: Mounting plugin ProxyLODPlugin
LogPluginManager: Mounting plugin SkeletalReduction
LogPluginManager: Mounting plugin MagicLeap
LogPluginManager: Mounting plugin MagicLeapMedia
LogPluginManager: Mounting plugin MLSDK
LogPluginManager: Mounting plugin AndroidMedia
LogPluginManager: Mounting plugin AvfMedia
LogPluginManager: Mounting plugin ImgMedia
LogPluginManager: Mounting plugin MediaCompositing
LogPluginManager: Mounting plugin MediaPlayerEditor
LogPluginManager: Mounting plugin WebMMedia
LogPluginManager: Mounting plugin WmfMedia
LogPluginManager: Mounting plugin TcpMessaging
LogPluginManager: Mounting plugin UdpMessaging
LogPluginManager: Mounting plugin ActorSequence
LogPluginManager: Mounting plugin LevelSequenceEditor
LogPluginManager: Mounting plugin MatineeToLevelSequence
LogPluginManager: Mounting plugin NetcodeUnitTest
LogPluginManager: Mounting plugin NUTUnrealEngine4
LogPluginManager: Mounting plugin OnlineSubsystemGooglePlay
LogPluginManager: Mounting plugin OnlineSubsystemIOS
LogPluginManager: Mounting plugin OnlineSubsystem
LogPluginManager: Mounting plugin OnlineSubsystemNull
LogPluginManager: Mounting plugin OnlineSubsystemUtils
LogPluginManager: Mounting plugin LauncherChunkInstaller
LogPluginManager: Mounting plugin AndroidDeviceProfileSelector
LogPluginManager: Mounting plugin AndroidMoviePlayer
LogPluginManager: Mounting plugin AndroidPermission
LogPluginManager: Mounting plugin AppleImageUtils
LogPluginManager: Mounting plugin AppleMoviePlayer
LogPluginManager: Mounting plugin ArchVisCharacter
LogPluginManager: Mounting plugin AssetTags
LogPluginManager: Mounting plugin AudioCapture
LogPluginManager: Mounting plugin CableComponent
LogPluginManager: Mounting plugin CustomMeshComponent
LogPluginManager: Mounting plugin SQLiteCore
LogPluginManager: Mounting plugin EditableMesh
LogPluginManager: Mounting plugin ExampleDeviceProfileSelector
LogPluginManager: Mounting plugin GoogleCloudMessaging
LogPluginManager: Mounting plugin IOSDeviceProfileSelector
LogPluginManager: Mounting plugin LinuxDeviceProfileSelector
LogPluginManager: Mounting plugin LocationServicesBPLibrary
LogPluginManager: Mounting plugin MobilePatchingUtils
LogPluginManager: Mounting plugin OculusVR
LogPluginManager: Mounting plugin PhysXVehicles
LogPluginManager: Mounting plugin PostSplashScreen
LogPluginManager: Mounting plugin ProceduralMeshComponent
LogPluginManager: Mounting plugin RuntimePhysXCooking
LogPluginManager: Mounting plugin SignificanceManager
LogPluginManager: Mounting plugin SteamVR
LogPluginManager: Mounting plugin WebMMoviePlayer
LogPluginManager: Mounting plugin WindowsMoviePlayer
LogPluginManager: Mounting plugin ScreenshotTools
LogInit: Using libcurl 7.55.1-DEV
LogInit:  - built for x86_64-pc-win32
LogInit:  - supports SSL with OpenSSL/1.1.1
LogInit:  - supports HTTP deflate (compression) using libz 1.2.8
LogInit:  - other features:
LogInit:      CURL_VERSION_SSL
LogInit:      CURL_VERSION_LIBZ
LogInit:      CURL_VERSION_IPV6
LogInit:      CURL_VERSION_ASYNCHDNS
LogInit:      CURL_VERSION_LARGEFILE
LogInit:      CURL_VERSION_IDN
LogInit:  CurlRequestOptions (configurable via config and command line):
LogInit:  - bVerifyPeer = true  - Libcurl will verify peer certificate
LogInit:  - bUseHttpProxy = false  - Libcurl will NOT use HTTP proxy
LogInit:  - bDontReuseConnections = false  - Libcurl will reuse connections
LogInit:  - MaxHostConnections = 16  - Libcurl will limit the number of connections to a host
LogInit:  - LocalHostAddr = Default
LogInit:  - BufferSize = 65536
LogOnline: OSS: Creating online subsystem instance for: NULL
LogInit: WinSock: version 1.1 (2.2), MaxSocks=32767, MaxUdp=65467
LogOnline: OSS: TryLoadSubsystemAndSetDefault: Loaded subsystem for module [NULL]
LogInit: Build: ++UE4+Release-4.24-CL-11590370
LogInit: Engine Version: 4.24.3-11590370+++UE4+Release-4.24
LogInit: Compatible Engine Version: 4.24.0-10570792+++UE4+Release-4.24
LogInit: Net CL: 10570792
LogInit: OS: Windows 10 (Release 1903) (), CPU: Intel(R) Core(TM) i5-6600K CPU @ 3.50GHz, GPU: NVIDIA GeForce GTX 1070
LogInit: Compiled (64-bit): Feb 24 2020 15:39:18
LogInit: Compiled with Visual C++: 19.16.27032.01
LogInit: Build Configuration: Development
LogInit: Branch Name: ++UE4+Release-4.24
LogInit: Command Line: 
LogInit: Base Directory: E:/Unreal/UE_4.24/Engine/Binaries/Win64/
LogInit: Installed Engine Build: 1
LogDevObjectVersion: Number of dev versions registered: 25
LogDevObjectVersion:   Dev-Blueprints (B0D832E4-1F89-4F0D-ACCF-7EB736FD4AA2): 10
LogDevObjectVersion:   Dev-Build (E1C64328-A22C-4D53-A36C-8E866417BD8C): 0
LogDevObjectVersion:   Dev-Core (375EC13C-06E4-48FB-B500-84F0262A717E): 3
LogDevObjectVersion:   Dev-Editor (E4B068ED-F494-42E9-A231-DA0B2E46BB41): 37
LogDevObjectVersion:   Dev-Framework (CFFC743F-43B0-4480-9391-14DF171D2073): 36
LogDevObjectVersion:   Dev-Mobile (B02B49B5-BB20-44E9-A304-32B752E40360): 2
LogDevObjectVersion:   Dev-Networking (A4E4105C-59A1-49B5-A7C5-40C4547EDFEE): 0
LogDevObjectVersion:   Dev-Online (39C831C9-5AE6-47DC-9A44-9C173E1C8E7C): 0
LogDevObjectVersion:   Dev-Physics (78F01B33-EBEA-4F98-B9B4-84EACCB95AA2): 2
LogDevObjectVersion:   Dev-Platform (6631380F-2D4D-43E0-8009-CF276956A95A): 0
LogDevObjectVersion:   Dev-Rendering (12F88B9F-8875-4AFC-A67C-D90C383ABD29): 36
LogDevObjectVersion:   Dev-Sequencer (7B5AE74C-D270-4C10-A958-57980B212A5A): 11
LogDevObjectVersion:   Dev-VR (D7296918-1DD6-4BDD-9DE2-64A83CC13884): 2
LogDevObjectVersion:   Dev-LoadTimes (C2A15278-BFE7-4AFE-6C17-90FF531DF755): 1
LogDevObjectVersion:   Private-Geometry (6EACA3D4-40EC-4CC1-B786-8BED09428FC5): 3
LogDevObjectVersion:   Dev-AnimPhys (29E575DD-E0A3-4627-9D10-D276232CDCEA): 17
LogDevObjectVersion:   Dev-Anim (AF43A65D-7FD3-4947-9873-3E8ED9C1BB05): 2
LogDevObjectVersion:   Dev-ReflectionCapture (6B266CEC-1EC7-4B8F-A30B-E4D90942FC07): 1
LogDevObjectVersion:   Dev-Automation (0DF73D61-A23F-47EA-B727-89E90C41499A): 1
LogDevObjectVersion:   FortniteMain (601D1886-AC64-4F84-AA16-D3DE0DEAC7D6): 31
LogDevObjectVersion:   Dev-Enterprise (9DFFBCD6-494F-0158-E221-12823C92A888): 8
LogDevObjectVersion:   Dev-Niagara (F2AED0AC-9AFE-416F-8664-AA7FFA26D6FC): 1
LogDevObjectVersion:   Dev-Destruction (174F1F0B-B4C6-45A5-B13F-2EE8D0FB917D): 9
LogDevObjectVersion:   Dev-Physics-Ext (35F94A83-E258-406C-A318-09F59610247C): 8
LogDevObjectVersion:   Dev-CineCamera (B2E18506-4273-CFC2-A54E-F4BB758BBA07): 1
LogInit: Presizing for max 25165824 objects, including 0 objects not considered by GC, pre-allocating 0 bytes for permanent pool.
LogInit: Object subsystem initialized
LogConfig: Setting CVar [[con.DebugEarlyDefault:1]]
LogConfig: Setting CVar [[r.setres:1280x720]]
[2020.03.27-01.30.01:670][  0]LogConfig: Setting CVar [[r.VSync:0]]
[2020.03.27-01.30.01:670][  0]LogConfig: Setting CVar [[r.RHICmdBypass:0]]
[2020.03.27-01.30.01:670][  0]LogConfig: Applying CVar settings from Section [/Script/Engine.RendererSettings] File [D:/UnrealProjects/Dilbert/Saved/Config/Windows/Engine.ini]
[2020.03.27-01.30.01:670][  0]LogConfig: Setting CVar [[r.GPUCrashDebugging:0]]
[2020.03.27-01.30.01:670][  0]LogConfig: Applying CVar settings from Section [/Script/Engine.RendererOverrideSettings] File [D:/UnrealProjects/Dilbert/Saved/Config/Windows/Engine.ini]
[2020.03.27-01.30.01:670][  0]LogConfig: Applying CVar settings from Section [/Script/Engine.StreamingSettings] File [D:/UnrealProjects/Dilbert/Saved/Config/Windows/Engine.ini]
[2020.03.27-01.30.01:670][  0]LogConfig: Setting CVar [[s.MinBulkDataSizeForAsyncLoading:131072]]
[2020.03.27-01.30.01:670][  0]LogConfig: Setting CVar [[s.AsyncLoadingThreadEnabled:0]]
[2020.03.27-01.30.01:670][  0]LogConfig: Setting CVar [[s.EventDrivenLoaderEnabled:1]]
[2020.03.27-01.30.01:670][  0]LogConfig: Setting CVar [[s.WarnIfTimeLimitExceeded:0]]
[2020.03.27-01.30.01:670][  0]LogConfig: Setting CVar [[s.TimeLimitExceededMultiplier:1.5]]
[2020.03.27-01.30.01:670][  0]LogConfig: Setting CVar [[s.TimeLimitExceededMinTime:0.005]]
[2020.03.27-01.30.01:670][  0]LogConfig: Setting CVar [[s.UseBackgroundLevelStreaming:1]]
[2020.03.27-01.30.01:670][  0]LogConfig: Setting CVar [[s.PriorityAsyncLoadingExtraTime:15.0]]
[2020.03.27-01.30.01:670][  0]LogConfig: Setting CVar [[s.LevelStreamingActorsUpdateTimeLimit:5.0]]
[2020.03.27-01.30.01:670][  0]LogConfig: Setting CVar [[s.PriorityLevelStreamingActorsUpdateExtraTime:5.0]]
[2020.03.27-01.30.01:670][  0]LogConfig: Setting CVar [[s.LevelStreamingComponentsRegistrationGranularity:10]]
[2020.03.27-01.30.01:670][  0]LogConfig: Setting CVar [[s.UnregisterComponentsTimeLimit:1.0]]
[2020.03.27-01.30.01:670][  0]LogConfig: Setting CVar [[s.LevelStreamingComponentsUnregistrationGranularity:5]]
[2020.03.27-01.30.01:670][  0]LogConfig: Setting CVar [[s.FlushStreamingOnExit:1]]
[2020.03.27-01.30.01:671][  0]LogConfig: Applying CVar settings from Section [/Script/Engine.GarbageCollectionSettings] File [D:/UnrealProjects/Dilbert/Saved/Config/Windows/Engine.ini]
[2020.03.27-01.30.01:671][  0]LogConfig: Setting CVar [[gc.MaxObjectsNotConsideredByGC:1]]
[2020.03.27-01.30.01:671][  0]LogConfig: Setting CVar [[gc.SizeOfPermanentObjectPool:0]]
[2020.03.27-01.30.01:671][  0]LogConfig: Setting CVar [[gc.FlushStreamingOnGC:0]]
[2020.03.27-01.30.01:671][  0]LogConfig: Setting CVar [[gc.NumRetriesBeforeForcingGC:10]]
[2020.03.27-01.30.01:671][  0]LogConfig: Setting CVar [[gc.AllowParallelGC:1]]
[2020.03.27-01.30.01:671][  0]LogConfig: Setting CVar [[gc.TimeBetweenPurgingPendingKillObjects:61.1]]
[2020.03.27-01.30.01:671][  0]LogConfig: Setting CVar [[gc.MaxObjectsInEditor:25165824]]
[2020.03.27-01.30.01:671][  0]LogConfig: Setting CVar [[gc.IncrementalBeginDestroyEnabled:1]]
[2020.03.27-01.30.01:671][  0]LogConfig: Setting CVar [[gc.CreateGCClusters:1]]
[2020.03.27-01.30.01:671][  0]LogConfig: Setting CVar [[gc.MinGCClusterSize:5]]
[2020.03.27-01.30.01:671][  0]LogConfig: Setting CVar [[gc.ActorClusteringEnabled:0]]
[2020.03.27-01.30.01:671][  0]LogConfig: Setting CVar [[gc.BlueprintClusteringEnabled:0]]
[2020.03.27-01.30.01:671][  0]LogConfig: Setting CVar [[gc.UseDisregardForGCOnDedicatedServers:0]]
[2020.03.27-01.30.01:671][  0]LogConfig: Applying CVar settings from Section [/Script/Engine.NetworkSettings] File [D:/UnrealProjects/Dilbert/Saved/Config/Windows/Engine.ini]
[2020.03.27-01.30.01:671][  0]LogConfig: Applying CVar settings from Section [/Script/UnrealEd.CookerSettings] File [D:/UnrealProjects/Dilbert/Saved/Config/Windows/Engine.ini]
[2020.03.27-01.30.01:676][  0]LogConfig: Applying CVar settings from Section [ViewDistanceQuality@3] File [D:/UnrealProjects/Dilbert/Saved/Config/Windows/Scalability.ini]
[2020.03.27-01.30.01:676][  0]LogConfig: Setting CVar [[r.SkeletalMeshLODBias:0]]
[2020.03.27-01.30.01:676][  0]LogConfig: Setting CVar [[r.ViewDistanceScale:1.0]]
[2020.03.27-01.30.01:676][  0]LogConfig: Applying CVar settings from Section [AntiAliasingQuality@3] File [D:/UnrealProjects/Dilbert/Saved/Config/Windows/Scalability.ini]
[2020.03.27-01.30.01:676][  0]LogConfig: Setting CVar [[r.PostProcessAAQuality:4]]
[2020.03.27-01.30.01:676][  0]LogConfig: Applying CVar settings from Section [ShadowQuality@3] File [D:/UnrealProjects/Dilbert/Saved/Config/Windows/Scalability.ini]
[2020.03.27-01.30.01:676][  0]LogConfig: Setting CVar [[r.LightFunctionQuality:1]]
[2020.03.27-01.30.01:676][  0]LogConfig: Setting CVar [[r.ShadowQuality:5]]
[2020.03.27-01.30.01:676][  0]LogConfig: Setting CVar [[r.Shadow.CSM.MaxCascades:10]]
[2020.03.27-01.30.01:676][  0]LogConfig: Setting CVar [[r.Shadow.MaxResolution:2048]]
[2020.03.27-01.30.01:676][  0]LogConfig: Setting CVar [[r.Shadow.MaxCSMResolution:2048]]
[2020.03.27-01.30.01:676][  0]LogConfig: Setting CVar [[r.Shadow.RadiusThreshold:0.01]]
[2020.03.27-01.30.01:676][  0]LogConfig: Setting CVar [[r.Shadow.DistanceScale:1.0]]
[2020.03.27-01.30.01:676][  0]LogConfig: Setting CVar [[r.Shadow.CSM.TransitionScale:1.0]]
[2020.03.27-01.30.01:676][  0]LogConfig: Setting CVar [[r.Shadow.PreShadowResolutionFactor:1.0]]
[2020.03.27-01.30.01:676][  0]LogConfig: Setting CVar [[r.DistanceFieldShadowing:1]]
[2020.03.27-01.30.01:676][  0]LogConfig: Setting CVar [[r.DistanceFieldAO:1]]
[2020.03.27-01.30.01:676][  0]LogConfig: Setting CVar [[r.AOQuality:2]]
[2020.03.27-01.30.01:676][  0]LogConfig: Setting CVar [[r.VolumetricFog:1]]
[2020.03.27-01.30.01:676][  0]LogConfig: Setting CVar [[r.VolumetricFog.GridPixelSize:8]]
[2020.03.27-01.30.01:676][  0]LogConfig: Setting CVar [[r.VolumetricFog.GridSizeZ:128]]
[2020.03.27-01.30.01:676][  0]LogConfig: Setting CVar [[r.VolumetricFog.HistoryMissSupersampleCount:4]]
[2020.03.27-01.30.01:676][  0]LogConfig: Setting CVar [[r.LightMaxDrawDistanceScale:1]]
[2020.03.27-01.30.01:676][  0]LogConfig: Setting CVar [[r.CapsuleShadows:1]]
[2020.03.27-01.30.01:676][  0]LogConfig: Applying CVar settings from Section [PostProcessQuality@3] File [D:/UnrealProjects/Dilbert/Saved/Config/Windows/Scalability.ini]
[2020.03.27-01.30.01:676][  0]LogConfig: Setting CVar [[r.MotionBlurQuality:4]]
[2020.03.27-01.30.01:676][  0]LogConfig: Setting CVar [[r.AmbientOcclusionMipLevelFactor:0.4]]
[2020.03.27-01.30.01:676][  0]LogConfig: Setting CVar [[r.AmbientOcclusionMaxQuality:100]]
[2020.03.27-01.30.01:676][  0]LogConfig: Setting CVar [[r.AmbientOcclusionLevels:-1]]
[2020.03.27-01.30.01:677][  0]LogConfig: Setting CVar [[r.AmbientOcclusionRadiusScale:1.0]]
[2020.03.27-01.30.01:677][  0]LogConfig: Setting CVar [[r.DepthOfFieldQuality:2]]
[2020.03.27-01.30.01:677][  0]LogConfig: Setting CVar [[r.RenderTargetPoolMin:400]]
[2020.03.27-01.30.01:677][  0]LogConfig: Setting CVar [[r.LensFlareQuality:2]]
[2020.03.27-01.30.01:677][  0]LogConfig: Setting CVar [[r.SceneColorFringeQuality:1]]
[2020.03.27-01.30.01:677][  0]LogConfig: Setting CVar [[r.EyeAdaptationQuality:2]]
[2020.03.27-01.30.01:677][  0]LogConfig: Setting CVar [[r.BloomQuality:5]]
[2020.03.27-01.30.01:677][  0]LogConfig: Setting CVar [[r.FastBlurThreshold:100]]
[2020.03.27-01.30.01:677][  0]LogConfig: Setting CVar [[r.Upscale.Quality:3]]
[2020.03.27-01.30.01:677][  0]LogConfig: Setting CVar [[r.Tonemapper.GrainQuantization:1]]
[2020.03.27-01.30.01:677][  0]LogConfig: Setting CVar [[r.LightShaftQuality:1]]
[2020.03.27-01.30.01:677][  0]LogConfig: Setting CVar [[r.Filter.SizeScale:1]]
[2020.03.27-01.30.01:677][  0]LogConfig: Setting CVar [[r.Tonemapper.Quality:5]]
[2020.03.27-01.30.01:677][  0]LogConfig: Setting CVar [[r.DOF.Gather.AccumulatorQuality:1        ; higher gathering accumulator quality]]
[2020.03.27-01.30.01:677][  0]LogConfig: Setting CVar [[r.DOF.Gather.PostfilterMethod:1          ; Median3x3 postfilering method]]
[2020.03.27-01.30.01:677][  0]LogConfig: Setting CVar [[r.DOF.Gather.EnableBokehSettings:0       ; no bokeh simulation when gathering]]
[2020.03.27-01.30.01:677][  0]LogConfig: Setting CVar [[r.DOF.Gather.RingCount:4                 ; medium number of samples when gathering]]
[2020.03.27-01.30.01:677][  0]LogConfig: Setting CVar [[r.DOF.Scatter.ForegroundCompositing:1    ; additive foreground scattering]]
[2020.03.27-01.30.01:677][  0]LogConfig: Setting CVar [[r.DOF.Scatter.BackgroundCompositing:2    ; additive background scattering]]
[2020.03.27-01.30.01:677][  0]LogConfig: Setting CVar [[r.DOF.Scatter.EnableBokehSettings:1      ; bokeh simulation when scattering]]
[2020.03.27-01.30.01:677][  0]LogConfig: Setting CVar [[r.DOF.Scatter.MaxSpriteRatio:0.1         ; only a maximum of 10% of scattered bokeh]]
[2020.03.27-01.30.01:677][  0]LogConfig: Setting CVar [[r.DOF.Recombine.Quality:1                ; cheap slight out of focus]]
[2020.03.27-01.30.01:677][  0]LogConfig: Setting CVar [[r.DOF.Recombine.EnableBokehSettings:0    ; no bokeh simulation on slight out of focus]]
[2020.03.27-01.30.01:677][  0]LogConfig: Setting CVar [[r.DOF.TemporalAAQuality:1                ; more stable temporal accumulation]]
[2020.03.27-01.30.01:677][  0]LogConfig: Setting CVar [[r.DOF.Kernel.MaxForegroundRadius:0.025]]
[2020.03.27-01.30.01:677][  0]LogConfig: Setting CVar [[r.DOF.Kernel.MaxBackgroundRadius:0.025]]
[2020.03.27-01.30.01:677][  0]LogConfig: Applying CVar settings from Section [TextureQuality@3] File [D:/UnrealProjects/Dilbert/Saved/Config/Windows/Scalability.ini]
[2020.03.27-01.30.01:677][  0]LogConfig: Setting CVar [[r.Streaming.MipBias:0]]
[2020.03.27-01.30.01:677][  0]LogConfig: Setting CVar [[r.Streaming.AmortizeCPUToGPUCopy:0]]
[2020.03.27-01.30.01:677][  0]LogConfig: Setting CVar [[r.Streaming.MaxNumTexturesToStreamPerFrame:0]]
[2020.03.27-01.30.01:677][  0]LogConfig: Setting CVar [[r.Streaming.Boost:1]]
[2020.03.27-01.30.01:677][  0]LogConfig: Setting CVar [[r.MaxAnisotropy:8]]
[2020.03.27-01.30.01:677][  0]LogConfig: Setting CVar [[r.VT.MaxAnisotropy:8]]
[2020.03.27-01.30.01:677][  0]LogConfig: Setting CVar [[r.Streaming.LimitPoolSizeToVRAM:0]]
[2020.03.27-01.30.01:677][  0]LogConfig: Setting CVar [[r.Streaming.PoolSize:1000]]
[2020.03.27-01.30.01:677][  0]LogConfig: Setting CVar [[r.Streaming.MaxEffectiveScreenSize:0]]
[2020.03.27-01.30.01:677][  0]LogConfig: Applying CVar settings from Section [EffectsQuality@3] File [D:/UnrealProjects/Dilbert/Saved/Config/Windows/Scalability.ini]
[2020.03.27-01.30.01:677][  0]LogConfig: Setting CVar [[r.TranslucencyLightingVolumeDim:64]]
[2020.03.27-01.30.01:677][  0]LogConfig: Setting CVar [[r.RefractionQuality:2]]
[2020.03.27-01.30.01:677][  0]LogConfig: Setting CVar [[r.SSR.Quality:3]]
[2020.03.27-01.30.01:677][  0]LogConfig: Setting CVar [[r.SSR.HalfResSceneColor:0]]
[2020.03.27-01.30.01:677][  0]LogConfig: Setting CVar [[r.SceneColorFormat:4]]
[2020.03.27-01.30.01:677][  0]LogConfig: Setting CVar [[r.DetailMode:2]]
[2020.03.27-01.30.01:677][  0]LogConfig: Setting CVar [[r.TranslucencyVolumeBlur:1]]
[2020.03.27-01.30.01:677][  0]LogConfig: Setting CVar [[r.MaterialQualityLevel:1 ; High quality]]
[2020.03.27-01.30.01:677][  0]LogConfig: Setting CVar [[r.SSS.Scale:1]]
[2020.03.27-01.30.01:677][  0]LogConfig: Setting CVar [[r.SSS.SampleSet:2]]
[2020.03.27-01.30.01:677][  0]LogConfig: Setting CVar [[r.SSS.Quality:1]]
[2020.03.27-01.30.01:677][  0]LogConfig: Setting CVar [[r.SSS.HalfRes:1]]
[2020.03.27-01.30.01:677][  0]LogConfig: Setting CVar [[r.SSGI.Quality:3]]
[2020.03.27-01.30.01:677][  0]LogConfig: Setting CVar [[r.EmitterSpawnRateScale:1.0]]
[2020.03.27-01.30.01:677][  0]LogConfig: Setting CVar [[r.ParticleLightQuality:2]]
[2020.03.27-01.30.01:677][  0]LogConfig: Setting CVar [[r.SkyAtmosphere.AerialPerspectiveLUT.FastApplyOnOpaque:1 ; Always have FastSkyLUT 1 in this case to avoid wrong sky]]
[2020.03.27-01.30.01:677][  0]LogConfig: Setting CVar [[r.SkyAtmosphere.AerialPerspectiveLUT.SampleCountPerSlice:1]]
[2020.03.27-01.30.01:677][  0]LogConfig: Setting CVar [[r.SkyAtmosphere.AerialPerspectiveLUT.DepthResolution:16.0]]
[2020.03.27-01.30.01:677][  0]LogConfig: Setting CVar [[r.SkyAtmosphere.FastSkyLUT:1]]
[2020.03.27-01.30.01:678][  0]LogConfig: Setting CVar [[r.SkyAtmosphere.FastSkyLUT.SampleCountMin:4.0]]
[2020.03.27-01.30.01:678][  0]LogConfig: Setting CVar [[r.SkyAtmosphere.FastSkyLUT.SampleCountMax:32.0]]
[2020.03.27-01.30.01:678][  0]LogConfig: Setting CVar [[r.SkyAtmosphere.SampleCountMin:4.0]]
[2020.03.27-01.30.01:678][  0]LogConfig: Setting CVar [[r.SkyAtmosphere.SampleCountMax:32.0]]
[2020.03.27-01.30.01:678][  0]LogConfig: Setting CVar [[r.SkyAtmosphere.TransmittanceLUT.UseSmallFormat:0]]
[2020.03.27-01.30.01:678][  0]LogConfig: Setting CVar [[r.SkyAtmosphere.TransmittanceLUT.SampleCount:10.0]]
[2020.03.27-01.30.01:678][  0]LogConfig: Setting CVar [[r.SkyAtmosphere.MultiScatteringLUT.SampleCount:15.0]]
[2020.03.27-01.30.01:678][  0]LogConfig: Applying CVar settings from Section [FoliageQuality@3] File [D:/UnrealProjects/Dilbert/Saved/Config/Windows/Scalability.ini]
[2020.03.27-01.30.01:678][  0]LogConfig: Setting CVar [[foliage.DensityScale:1.0]]
[2020.03.27-01.30.01:678][  0]LogConfig: Setting CVar [[grass.DensityScale:1.0]]
[2020.03.27-01.30.01:678][  0]LogConfig: Applying CVar settings from Section [ShadingQuality@3] File [D:/UnrealProjects/Dilbert/Saved/Config/Windows/Scalability.ini]
[2020.03.27-01.30.01:678][  0]LogConfig: Setting CVar [[r.HairStrands.SkyLighting.SampleCount:16]]
[2020.03.27-01.30.01:678][  0]LogConfig: Setting CVar [[r.HairStrands.SkyLighting.JitterIntegration:0]]
[2020.03.27-01.30.01:678][  0]LogConfig: Setting CVar [[r.HairStrands.SkyAO.SampleCount:16]]
[2020.03.27-01.30.01:678][  0]LogInit: Selected Device Profile: [Windows]
[2020.03.27-01.30.01:678][  0]LogInit: Applying CVar settings loaded from the selected device profile: [Windows]
[2020.03.27-01.30.01:686][  0]LogHAL: Display: Platform has ~ 16 GB [17127456768 / 17179869184 / 16], which maps to Larger [LargestMinGB=32, LargerMinGB=12, DefaultMinGB=8, SmallerMinGB=6, SmallestMinGB=0)
[2020.03.27-01.30.01:686][  0]LogInit: Going up to parent DeviceProfile []
[2020.03.27-01.30.01:686][  0]LogConfig: Applying CVar settings from Section [ViewDistanceQuality@3] File [D:/UnrealProjects/Dilbert/Saved/Config/Windows/Scalability.ini]
[2020.03.27-01.30.01:687][  0]LogConfig: Setting CVar [[r.SkeletalMeshLODBias:0]]
[2020.03.27-01.30.01:687][  0]LogConfig: Setting CVar [[r.ViewDistanceScale:1.0]]
[2020.03.27-01.30.01:687][  0]LogConfig: Applying CVar settings from Section [AntiAliasingQuality@3] File [D:/UnrealProjects/Dilbert/Saved/Config/Windows/Scalability.ini]
[2020.03.27-01.30.01:687][  0]LogConfig: Setting CVar [[r.PostProcessAAQuality:4]]
[2020.03.27-01.30.01:687][  0]LogConfig: Applying CVar settings from Section [ShadowQuality@3] File [D:/UnrealProjects/Dilbert/Saved/Config/Windows/Scalability.ini]
[2020.03.27-01.30.01:687][  0]LogConfig: Setting CVar [[r.LightFunctionQuality:1]]
[2020.03.27-01.30.01:687][  0]LogConfig: Setting CVar [[r.ShadowQuality:5]]
[2020.03.27-01.30.01:687][  0]LogConfig: Setting CVar [[r.Shadow.CSM.MaxCascades:10]]
[2020.03.27-01.30.01:687][  0]LogConfig: Setting CVar [[r.Shadow.MaxResolution:2048]]
[2020.03.27-01.30.01:687][  0]LogConfig: Setting CVar [[r.Shadow.MaxCSMResolution:2048]]
[2020.03.27-01.30.01:687][  0]LogConfig: Setting CVar [[r.Shadow.RadiusThreshold:0.01]]
[2020.03.27-01.30.01:687][  0]LogConfig: Setting CVar [[r.Shadow.DistanceScale:1.0]]
[2020.03.27-01.30.01:687][  0]LogConfig: Setting CVar [[r.Shadow.CSM.TransitionScale:1.0]]
[2020.03.27-01.30.01:687][  0]LogConfig: Setting CVar [[r.Shadow.PreShadowResolutionFactor:1.0]]
[2020.03.27-01.30.01:687][  0]LogConfig: Setting CVar [[r.DistanceFieldShadowing:1]]
[2020.03.27-01.30.01:687][  0]LogConfig: Setting CVar [[r.DistanceFieldAO:1]]
[2020.03.27-01.30.01:687][  0]LogConfig: Setting CVar [[r.AOQuality:2]]
[2020.03.27-01.30.01:687][  0]LogConfig: Setting CVar [[r.VolumetricFog:1]]
[2020.03.27-01.30.01:687][  0]LogConfig: Setting CVar [[r.VolumetricFog.GridPixelSize:8]]
[2020.03.27-01.30.01:687][  0]LogConfig: Setting CVar [[r.VolumetricFog.GridSizeZ:128]]
[2020.03.27-01.30.01:687][  0]LogConfig: Setting CVar [[r.VolumetricFog.HistoryMissSupersampleCount:4]]
[2020.03.27-01.30.01:687][  0]LogConfig: Setting CVar [[r.LightMaxDrawDistanceScale:1]]
[2020.03.27-01.30.01:687][  0]LogConfig: Setting CVar [[r.CapsuleShadows:1]]
[2020.03.27-01.30.01:687][  0]LogConfig: Applying CVar settings from Section [PostProcessQuality@3] File [D:/UnrealProjects/Dilbert/Saved/Config/Windows/Scalability.ini]
[2020.03.27-01.30.01:687][  0]LogConfig: Setting CVar [[r.MotionBlurQuality:4]]
[2020.03.27-01.30.01:687][  0]LogConfig: Setting CVar [[r.AmbientOcclusionMipLevelFactor:0.4]]
[2020.03.27-01.30.01:687][  0]LogConfig: Setting CVar [[r.AmbientOcclusionMaxQuality:100]]
[2020.03.27-01.30.01:687][  0]LogConfig: Setting CVar [[r.AmbientOcclusionLevels:-1]]
[2020.03.27-01.30.01:687][  0]LogConfig: Setting CVar [[r.AmbientOcclusionRadiusScale:1.0]]
[2020.03.27-01.30.01:687][  0]LogConfig: Setting CVar [[r.DepthOfFieldQuality:2]]
[2020.03.27-01.30.01:687][  0]LogConfig: Setting CVar [[r.RenderTargetPoolMin:400]]
[2020.03.27-01.30.01:687][  0]LogConfig: Setting CVar [[r.LensFlareQuality:2]]
[2020.03.27-01.30.01:687][  0]LogConfig: Setting CVar [[r.SceneColorFringeQuality:1]]
[2020.03.27-01.30.01:687][  0]LogConfig: Setting CVar [[r.EyeAdaptationQuality:2]]
[2020.03.27-01.30.01:687][  0]LogConfig: Setting CVar [[r.BloomQuality:5]]
[2020.03.27-01.30.01:687][  0]LogConfig: Setting CVar [[r.FastBlurThreshold:100]]
[2020.03.27-01.30.01:687][  0]LogConfig: Setting CVar [[r.Upscale.Quality:3]]
[2020.03.27-01.30.01:687][  0]LogConfig: Setting CVar [[r.Tonemapper.GrainQuantization:1]]
[2020.03.27-01.30.01:687][  0]LogConfig: Setting CVar [[r.LightShaftQuality:1]]
[2020.03.27-01.30.01:687][  0]LogConfig: Setting CVar [[r.Filter.SizeScale:1]]
[2020.03.27-01.30.01:687][  0]LogConfig: Setting CVar [[r.Tonemapper.Quality:5]]
[2020.03.27-01.30.01:687][  0]LogConfig: Setting CVar [[r.DOF.Gather.AccumulatorQuality:1        ; higher gathering accumulator quality]]
[2020.03.27-01.30.01:687][  0]LogConfig: Setting CVar [[r.DOF.Gather.PostfilterMethod:1          ; Median3x3 postfilering method]]
[2020.03.27-01.30.01:687][  0]LogConfig: Setting CVar [[r.DOF.Gather.EnableBokehSettings:0       ; no bokeh simulation when gathering]]
[2020.03.27-01.30.01:687][  0]LogConfig: Setting CVar [[r.DOF.Gather.RingCount:4                 ; medium number of samples when gathering]]
[2020.03.27-01.30.01:687][  0]LogConfig: Setting CVar [[r.DOF.Scatter.ForegroundCompositing:1    ; additive foreground scattering]]
[2020.03.27-01.30.01:687][  0]LogConfig: Setting CVar [[r.DOF.Scatter.BackgroundCompositing:2    ; additive background scattering]]
[2020.03.27-01.30.01:687][  0]LogConfig: Setting CVar [[r.DOF.Scatter.EnableBokehSettings:1      ; bokeh simulation when scattering]]
[2020.03.27-01.30.01:687][  0]LogConfig: Setting CVar [[r.DOF.Scatter.MaxSpriteRatio:0.1         ; only a maximum of 10% of scattered bokeh]]
[2020.03.27-01.30.01:687][  0]LogConfig: Setting CVar [[r.DOF.Recombine.Quality:1                ; cheap slight out of focus]]
[2020.03.27-01.30.01:687][  0]LogConfig: Setting CVar [[r.DOF.Recombine.EnableBokehSettings:0    ; no bokeh simulation on slight out of focus]]
[2020.03.27-01.30.01:687][  0]LogConfig: Setting CVar [[r.DOF.TemporalAAQuality:1                ; more stable temporal accumulation]]
[2020.03.27-01.30.01:687][  0]LogConfig: Setting CVar [[r.DOF.Kernel.MaxForegroundRadius:0.025]]
[2020.03.27-01.30.01:687][  0]LogConfig: Setting CVar [[r.DOF.Kernel.MaxBackgroundRadius:0.025]]
[2020.03.27-01.30.01:687][  0]LogConfig: Applying CVar settings from Section [TextureQuality@3] File [D:/UnrealProjects/Dilbert/Saved/Config/Windows/Scalability.ini]
[2020.03.27-01.30.01:687][  0]LogConfig: Setting CVar [[r.Streaming.MipBias:0]]
[2020.03.27-01.30.01:687][  0]LogConfig: Setting CVar [[r.Streaming.AmortizeCPUToGPUCopy:0]]
[2020.03.27-01.30.01:688][  0]LogConfig: Setting CVar [[r.Streaming.MaxNumTexturesToStreamPerFrame:0]]
[2020.03.27-01.30.01:688][  0]LogConfig: Setting CVar [[r.Streaming.Boost:1]]
[2020.03.27-01.30.01:688][  0]LogConfig: Setting CVar [[r.MaxAnisotropy:8]]
[2020.03.27-01.30.01:688][  0]LogConfig: Setting CVar [[r.VT.MaxAnisotropy:8]]
[2020.03.27-01.30.01:688][  0]LogConfig: Setting CVar [[r.Streaming.LimitPoolSizeToVRAM:0]]
[2020.03.27-01.30.01:688][  0]LogConfig: Setting CVar [[r.Streaming.PoolSize:1000]]
[2020.03.27-01.30.01:688][  0]LogConfig: Setting CVar [[r.Streaming.MaxEffectiveScreenSize:0]]
[2020.03.27-01.30.01:688][  0]LogConfig: Applying CVar settings from Section [EffectsQuality@3] File [D:/UnrealProjects/Dilbert/Saved/Config/Windows/Scalability.ini]
[2020.03.27-01.30.01:688][  0]LogConfig: Setting CVar [[r.TranslucencyLightingVolumeDim:64]]
[2020.03.27-01.30.01:688][  0]LogConfig: Setting CVar [[r.RefractionQuality:2]]
[2020.03.27-01.30.01:688][  0]LogConfig: Setting CVar [[r.SSR.Quality:3]]
[2020.03.27-01.30.01:688][  0]LogConfig: Setting CVar [[r.SSR.HalfResSceneColor:0]]
[2020.03.27-01.30.01:688][  0]LogConfig: Setting CVar [[r.SceneColorFormat:4]]
[2020.03.27-01.30.01:688][  0]LogConfig: Setting CVar [[r.DetailMode:2]]
[2020.03.27-01.30.01:688][  0]LogConfig: Setting CVar [[r.TranslucencyVolumeBlur:1]]
[2020.03.27-01.30.01:688][  0]LogConfig: Setting CVar [[r.MaterialQualityLevel:1 ; High quality]]
[2020.03.27-01.30.01:688][  0]LogConfig: Setting CVar [[r.SSS.Scale:1]]
[2020.03.27-01.30.01:688][  0]LogConfig: Setting CVar [[r.SSS.SampleSet:2]]
[2020.03.27-01.30.01:688][  0]LogConfig: Setting CVar [[r.SSS.Quality:1]]
[2020.03.27-01.30.01:688][  0]LogConfig: Setting CVar [[r.SSS.HalfRes:1]]
[2020.03.27-01.30.01:688][  0]LogConfig: Setting CVar [[r.SSGI.Quality:3]]
[2020.03.27-01.30.01:688][  0]LogConfig: Setting CVar [[r.EmitterSpawnRateScale:1.0]]
[2020.03.27-01.30.01:688][  0]LogConfig: Setting CVar [[r.ParticleLightQuality:2]]
[2020.03.27-01.30.01:688][  0]LogConfig: Setting CVar [[r.SkyAtmosphere.AerialPerspectiveLUT.FastApplyOnOpaque:1 ; Always have FastSkyLUT 1 in this case to avoid wrong sky]]
[2020.03.27-01.30.01:688][  0]LogConfig: Setting CVar [[r.SkyAtmosphere.AerialPerspectiveLUT.SampleCountPerSlice:1]]
[2020.03.27-01.30.01:688][  0]LogConfig: Setting CVar [[r.SkyAtmosphere.AerialPerspectiveLUT.DepthResolution:16.0]]
[2020.03.27-01.30.01:688][  0]LogConfig: Setting CVar [[r.SkyAtmosphere.FastSkyLUT:1]]
[2020.03.27-01.30.01:688][  0]LogConfig: Setting CVar [[r.SkyAtmosphere.FastSkyLUT.SampleCountMin:4.0]]
[2020.03.27-01.30.01:688][  0]LogConfig: Setting CVar [[r.SkyAtmosphere.FastSkyLUT.SampleCountMax:32.0]]
[2020.03.27-01.30.01:688][  0]LogConfig: Setting CVar [[r.SkyAtmosphere.SampleCountMin:4.0]]
[2020.03.27-01.30.01:688][  0]LogConfig: Setting CVar [[r.SkyAtmosphere.SampleCountMax:32.0]]
[2020.03.27-01.30.01:688][  0]LogConfig: Setting CVar [[r.SkyAtmosphere.TransmittanceLUT.UseSmallFormat:0]]
[2020.03.27-01.30.01:688][  0]LogConfig: Setting CVar [[r.SkyAtmosphere.TransmittanceLUT.SampleCount:10.0]]
[2020.03.27-01.30.01:688][  0]LogConfig: Setting CVar [[r.SkyAtmosphere.MultiScatteringLUT.SampleCount:15.0]]
[2020.03.27-01.30.01:688][  0]LogConfig: Applying CVar settings from Section [FoliageQuality@3] File [D:/UnrealProjects/Dilbert/Saved/Config/Windows/Scalability.ini]
[2020.03.27-01.30.01:688][  0]LogConfig: Setting CVar [[foliage.DensityScale:1.0]]
[2020.03.27-01.30.01:688][  0]LogConfig: Setting CVar [[grass.DensityScale:1.0]]
[2020.03.27-01.30.01:688][  0]LogConfig: Applying CVar settings from Section [ShadingQuality@3] File [D:/UnrealProjects/Dilbert/Saved/Config/Windows/Scalability.ini]
[2020.03.27-01.30.01:688][  0]LogConfig: Setting CVar [[r.HairStrands.SkyLighting.SampleCount:16]]
[2020.03.27-01.30.01:688][  0]LogConfig: Setting CVar [[r.HairStrands.SkyLighting.JitterIntegration:0]]
[2020.03.27-01.30.01:688][  0]LogConfig: Setting CVar [[r.HairStrands.SkyAO.SampleCount:16]]
[2020.03.27-01.30.01:688][  0]LogConfig: Applying CVar settings from Section [Startup] File [../../../Engine/Config/ConsoleVariables.ini]
[2020.03.27-01.30.01:688][  0]LogConfig: Setting CVar [[net.UseAdaptiveNetUpdateFrequency:0]]
[2020.03.27-01.30.01:688][  0]LogConfig: Setting CVar [[p.chaos.AllowCreatePhysxBodies:1]]
[2020.03.27-01.30.01:688][  0]LogConfig: Applying CVar settings from Section [ConsoleVariables] File [D:/UnrealProjects/Dilbert/Saved/Config/Windows/Engine.ini]
[2020.03.27-01.30.01:688][  0]LogInit: Computer: MKTO
[2020.03.27-01.30.01:689][  0]LogInit: User: TylerWork
[2020.03.27-01.30.01:689][  0]LogInit: CPU Page size=4096, Cores=4
[2020.03.27-01.30.01:689][  0]LogInit: High frequency timer resolution =10.000000 MHz
[2020.03.27-01.30.01:689][  0]LogMemory: Memory total: Physical=16.0GB (16GB approx)
[2020.03.27-01.30.01:689][  0]LogMemory: Platform Memory Stats for Windows
[2020.03.27-01.30.01:689][  0]LogMemory: Process Physical Memory: 103.91 MB used, 103.91 MB peak
[2020.03.27-01.30.01:689][  0]LogMemory: Process Virtual Memory: 99.85 MB used, 99.85 MB peak
[2020.03.27-01.30.01:689][  0]LogMemory: Physical Memory: 8200.59 MB used,  8133.42 MB free, 16334.02 MB total
[2020.03.27-01.30.01:689][  0]LogMemory: Virtual Memory: 5121.18 MB used,  134212608.00 MB free, 134217728.00 MB total
[2020.03.27-01.30.01:700][  0]LogWindows: WindowsPlatformFeatures enabled
[2020.03.27-01.30.01:941][  0]LogInit: Using OS detected language (en-US).
[2020.03.27-01.30.01:941][  0]LogInit: Using OS detected locale (en-US).
[2020.03.27-01.30.01:942][  0]LogTextLocalizationManager: No specific localization for 'en-US' exists, so the 'en' localization will be used.
[2020.03.27-01.30.02:250][  0]LogInit: Setting process to per monitor DPI aware
[2020.03.27-01.30.02:357][  0]LogSlate: New Slate User Created.  User Index 0, Is Virtual User: 0
[2020.03.27-01.30.02:358][  0]LogSlate: Slate User Registered.  User Index 0, Is Virtual User: 0
[2020.03.27-01.30.11:244][  0]LogD3D11RHI: D3D11 min allowed feature level: 11_0
[2020.03.27-01.30.11:244][  0]LogD3D11RHI: D3D11 max allowed feature level: 11_0
[2020.03.27-01.30.11:244][  0]LogD3D11RHI: D3D11 adapters:
[2020.03.27-01.30.11:312][  0]LogD3D11RHI:    0. 'NVIDIA GeForce GTX 1070' (Feature Level 11_0)
[2020.03.27-01.30.11:312][  0]LogD3D11RHI:       8088/0/8167 MB DedicatedVideo/DedicatedSystem/SharedSystem, Outputs:2, VendorId:0x10de
[2020.03.27-01.30.11:315][  0]LogD3D11RHI:    1. 'Microsoft Basic Render Driver' (Feature Level 11_0)
[2020.03.27-01.30.11:315][  0]LogD3D11RHI:       0/0/8167 MB DedicatedVideo/DedicatedSystem/SharedSystem, Outputs:0, VendorId:0x1414
[2020.03.27-01.30.11:315][  0]LogD3D11RHI: Chosen D3D11 Adapter: 0
[2020.03.27-01.30.11:322][  0]LogD3D11RHI: Creating new Direct3DDevice
[2020.03.27-01.30.11:322][  0]LogD3D11RHI:     GPU DeviceId: 0x1b81 (for the marketing name, search the web for "GPU Device Id")
[2020.03.27-01.30.11:322][  0]LogWindows: EnumDisplayDevices:
[2020.03.27-01.30.11:322][  0]LogWindows:    0. 'NVIDIA GeForce GTX 1070' (P:0 D:1)
[2020.03.27-01.30.11:323][  0]LogWindows:    1. 'NVIDIA GeForce GTX 1070' (P:1 D:1)
[2020.03.27-01.30.11:323][  0]LogWindows:    2. 'NVIDIA GeForce GTX 1070' (P:0 D:0)
[2020.03.27-01.30.11:323][  0]LogWindows:    3. 'NVIDIA GeForce GTX 1070' (P:0 D:0)
[2020.03.27-01.30.11:324][  0]LogWindows: DebugString: FoundDriverCount:4 
[2020.03.27-01.30.11:324][  0]LogD3D11RHI:     Adapter Name: NVIDIA GeForce GTX 1070
[2020.03.27-01.30.11:324][  0]LogD3D11RHI:   Driver Version: 442.74 (internal:26.21.14.4274, unified:442.74)
[2020.03.27-01.30.11:324][  0]LogD3D11RHI:      Driver Date: 3-13-2020
[2020.03.27-01.30.11:324][  0]LogRHI: Texture pool is 5661 MB (70% of 8088 MB)
[2020.03.27-01.30.11:370][  0]LogD3D11RHI: RHI has support for 64 bit atomics
[2020.03.27-01.30.11:370][  0]LogD3D11RHI: Async texture creation enabled
[2020.03.27-01.30.11:405][  0]LogD3D11RHI: GPU Timing Frequency: 1000.000000 (Debug: 2 1)
[2020.03.27-01.30.12:020][  0]LogTargetPlatformManager: Display: Loaded TargetPlatform 'AllDesktop'
[2020.03.27-01.30.12:081][  0]LogTargetPlatformManager: Display: Loaded TargetPlatform 'Android'
[2020.03.27-01.30.12:081][  0]LogTargetPlatformManager: Display: Loaded TargetPlatform 'Android_ASTC'
[2020.03.27-01.30.12:081][  0]LogTargetPlatformManager: Display: Loaded TargetPlatform 'Android_ATC'
[2020.03.27-01.30.12:081][  0]LogTargetPlatformManager: Display: Loaded TargetPlatform 'Android_DXT'
[2020.03.27-01.30.12:081][  0]LogTargetPlatformManager: Display: Loaded TargetPlatform 'Android_ETC1'
[2020.03.27-01.30.12:081][  0]LogTargetPlatformManager: Display: Loaded TargetPlatform 'Android_ETC1a'
[2020.03.27-01.30.12:081][  0]LogTargetPlatformManager: Display: Loaded TargetPlatform 'Android_ETC2'
[2020.03.27-01.30.12:081][  0]LogTargetPlatformManager: Display: Loaded TargetPlatform 'Android_PVRTC'
[2020.03.27-01.30.12:081][  0]LogTargetPlatformManager: Display: Loaded TargetPlatform 'AndroidClient'
[2020.03.27-01.30.12:081][  0]LogTargetPlatformManager: Display: Loaded TargetPlatform 'Android_ASTCClient'
[2020.03.27-01.30.12:081][  0]LogTargetPlatformManager: Display: Loaded TargetPlatform 'Android_ATCClient'
[2020.03.27-01.30.12:081][  0]LogTargetPlatformManager: Display: Loaded TargetPlatform 'Android_DXTClient'
[2020.03.27-01.30.12:081][  0]LogTargetPlatformManager: Display: Loaded TargetPlatform 'Android_ETC1Client'
[2020.03.27-01.30.12:081][  0]LogTargetPlatformManager: Display: Loaded TargetPlatform 'Android_ETC1aClient'
[2020.03.27-01.30.12:081][  0]LogTargetPlatformManager: Display: Loaded TargetPlatform 'Android_ETC2Client'
[2020.03.27-01.30.12:081][  0]LogTargetPlatformManager: Display: Loaded TargetPlatform 'Android_PVRTCClient'
[2020.03.27-01.30.12:081][  0]LogTargetPlatformManager: Display: Loaded TargetPlatform 'Android_Multi'
[2020.03.27-01.30.12:081][  0]LogTargetPlatformManager: Display: Loaded TargetPlatform 'Android_MultiClient'
[2020.03.27-01.30.12:157][  0]LogTargetPlatformManager: Display: Loaded TargetPlatform 'IOSClient'
[2020.03.27-01.30.12:157][  0]LogTargetPlatformManager: Display: Loaded TargetPlatform 'IOS'
[2020.03.27-01.30.12:181][  0]LogTargetPlatformManager: Display: Loaded TargetPlatform 'LinuxNoEditor'
[2020.03.27-01.30.12:205][  0]LogTargetPlatformManager: Display: Loaded TargetPlatform 'LinuxClient'
[2020.03.27-01.30.12:229][  0]LogTargetPlatformManager: Display: Loaded TargetPlatform 'LinuxServer'
[2020.03.27-01.30.12:253][  0]LogTargetPlatformManager: Display: Loaded TargetPlatform 'LinuxAArch64NoEditor'
[2020.03.27-01.30.12:277][  0]LogTargetPlatformManager: Display: Loaded TargetPlatform 'LinuxAArch64Client'
[2020.03.27-01.30.12:300][  0]LogTargetPlatformManager: Display: Loaded TargetPlatform 'LinuxAArch64Server'
[2020.03.27-01.30.12:345][  0]LogTargetPlatformManager: Display: Loaded TargetPlatform 'Lumin'
[2020.03.27-01.30.12:345][  0]LogTargetPlatformManager: Display: Loaded TargetPlatform 'LuminClient'
[2020.03.27-01.30.12:375][  0]LogTargetPlatformManager: Display: Loaded TargetPlatform 'TVOSClient'
[2020.03.27-01.30.12:375][  0]LogTargetPlatformManager: Display: Loaded TargetPlatform 'TVOS'
[2020.03.27-01.30.12:398][  0]LogTargetPlatformManager: Display: Loaded TargetPlatform 'WindowsNoEditor'
[2020.03.27-01.30.12:424][  0]LogTargetPlatformManager: Display: Loaded TargetPlatform 'Windows'
[2020.03.27-01.30.12:448][  0]LogTargetPlatformManager: Display: Loaded TargetPlatform 'WindowsClient'
[2020.03.27-01.30.12:472][  0]LogTargetPlatformManager: Display: Loaded TargetPlatform 'WindowsServer'
[2020.03.27-01.30.12:472][  0]LogTargetPlatformManager: Display: Building Assets For Windows
[2020.03.27-01.30.12:542][  0]LogAudioDebug: Display: Lib vorbis DLL was dynamically loaded.
[2020.03.27-01.30.12:887][  0]LogShaderCompilers: Guid format shader working directory is 25 characters bigger than the processId version (D:/UnrealProjects/Dilbert/Intermediate/Shaders/WorkingDirectory/19524/).
[2020.03.27-01.30.12:887][  0]LogShaderCompilers: Cleaned the shader compiler working directory 'C:/Users/Tyler Work/AppData/Local/Temp/UnrealShaderWorkingDir/6EF98C404058920F31F150BD565D946C/'.
[2020.03.27-01.30.12:888][  0]LogXGEController: Cannot use XGE Controller as Incredibuild is not installed on this machine.
[2020.03.27-01.30.12:888][  0]LogShaderCompilers: Cannot use XGE Shader Compiler as Incredibuild is not installed on this machine.
[2020.03.27-01.30.12:888][  0]LogShaderCompilers: Display: Using Local Shader Compiler.
[2020.03.27-01.30.15:695][  0]LogDerivedDataCache: Display: Max Cache Size: 512 MB
[2020.03.27-01.30.15:892][  0]LogDerivedDataCache: Loaded boot cache 0.20s 78MB C:/Users/Tyler Work/AppData/Local/UnrealEngine/4.24/DerivedDataCache/Boot.ddc.
[2020.03.27-01.30.15:892][  0]LogDerivedDataCache: Display: Loaded Boot cache: C:/Users/Tyler Work/AppData/Local/UnrealEngine/4.24/DerivedDataCache/Boot.ddc
[2020.03.27-01.30.15:892][  0]LogDerivedDataCache: FDerivedDataBackendGraph:  Pak pak cache file D:/UnrealProjects/Dilbert/DerivedDataCache/DDC.ddp not found, will not use a pak cache.
[2020.03.27-01.30.15:892][  0]LogDerivedDataCache: Unable to find inner node Pak for hierarchical cache Hierarchy.
[2020.03.27-01.30.15:892][  0]LogDerivedDataCache: FDerivedDataBackendGraph:  CompressedPak pak cache file D:/UnrealProjects/Dilbert/DerivedDataCache/Compressed.ddp not found, will not use a pak cache.
[2020.03.27-01.30.15:892][  0]LogDerivedDataCache: Unable to find inner node CompressedPak for hierarchical cache Hierarchy.
[2020.03.27-01.30.15:914][  0]LogDerivedDataCache: Display: Pak cache opened for reading ../../../Engine/DerivedDataCache/Compressed.ddp.
[2020.03.27-01.30.15:914][  0]LogDerivedDataCache: FDerivedDataBackendGraph:  EnterprisePak pak cache file ../../../Enterprise/DerivedDataCache/Compressed.ddp not found, will not use a pak cache.
[2020.03.27-01.30.15:914][  0]LogDerivedDataCache: Unable to find inner node EnterprisePak for hierarchical cache Hierarchy.
[2020.03.27-01.30.15:914][  0]LogDerivedDataCache: Using Local data cache path C:/Users/Tyler Work/AppData/Local/UnrealEngine/Common/DerivedDataCache: Writable
[2020.03.27-01.30.15:914][  0]LogDerivedDataCache: Shared data cache path not found in *engine.ini, will not use an Shared cache.
[2020.03.27-01.30.15:914][  0]LogDerivedDataCache: Unable to find inner node Shared for hierarchical cache Hierarchy.
[2020.03.27-01.30.15:945][  0]LogMaterial: Verifying Global Shaders for PCD3D_SM5
[2020.03.27-01.30.15:948][  0]LogSlate: Using FreeType 2.10.0
[2020.03.27-01.30.15:967][  0]LogSlate: SlateFontServices - WITH_FREETYPE: 1, WITH_HARFBUZZ: 1
[2020.03.27-01.30.16:207][  0]LogAssetRegistry: FAssetRegistry took 0.0031 seconds to start up
[2020.03.27-01.30.16:532][  0]LogInit: Selected Device Profile: [Windows]
[2020.03.27-01.30.16:996][  0]LogMeshReduction: Using QuadricMeshReduction for automatic static mesh reduction
[2020.03.27-01.30.16:996][  0]LogMeshReduction: Using SimplygonMeshReduction for automatic skeletal mesh reduction
[2020.03.27-01.30.16:996][  0]LogMeshReduction: Using ProxyLODMeshReduction for automatic mesh merging
[2020.03.27-01.30.16:996][  0]LogMeshReduction: No distributed automatic mesh merging module available
[2020.03.27-01.30.16:996][  0]LogMeshMerging: No distributed automatic mesh merging module available
[2020.03.27-01.30.17:036][  0]LogNetVersion: Dilbert 1.0.0, NetCL: 10570792, EngineNetVer: 13, GameNetVer: 0 (Checksum: 1472628879)
[2020.03.27-01.30.20:586][  0]LogPackageLocalizationCache: Processed 11 localized package path(s) for 1 prioritized culture(s) in 0.045627 seconds
[2020.03.27-01.30.20:594][  0]LogUObjectArray: 46750 objects as part of root set at end of initial load.
[2020.03.27-01.30.20:594][  0]LogUObjectAllocator: 8137160 out of 0 bytes used by permanent object pool.
[2020.03.27-01.30.20:594][  0]LogUObjectArray: CloseDisregardForGC: 0/0 objects in disregard for GC pool
[2020.03.27-01.30.22:576][  0]LogTcpMessaging: Initializing TcpMessaging bridge
[2020.03.27-01.30.22:598][  0]LogUdpMessaging: Initializing bridge on interface 0.0.0.0:0 to multicast group 230.0.0.1:6666.
[2020.03.27-01.30.23:094][  0]SourceControl: Source control is disabled
[2020.03.27-01.30.23:094][  0]SourceControl: Source control is disabled
[2020.03.27-01.30.23:116][  0]SourceControl: Source control is disabled
[2020.03.27-01.30.23:135][  0]SourceControl: Source control is disabled
[2020.03.27-01.30.23:155][  0]SourceControl: Source control is disabled
[2020.03.27-01.30.23:867][  0]LogAndroidPermission: UAndroidPermissionCallbackProxy::GetInstance
[2020.03.27-01.30.23:981][  0]LogAudioCaptureCore: Display: No Audio Capture implementations found. Audio input will be silent.
[2020.03.27-01.30.23:981][  0]LogAudioCaptureCore: Display: No Audio Capture implementations found. Audio input will be silent.
[2020.03.27-01.30.24:274][  0]LogOcInput: OculusInput pre-init called
[2020.03.27-01.30.24:319][  0]LogWindows: Failed to load 'OVRPlugin.dll' (GetLastError=126)
[2020.03.27-01.30.24:319][  0]LogWindows: File 'OVRPlugin.dll' does not exist
[2020.03.27-01.30.24:506][  0]LogEngine: Initializing Engine...
[2020.03.27-01.30.24:507][  0]LogHMD: SteamVR initialized.  Driver: lighthouse  Display: LHR-7FF59F43
[2020.03.27-01.30.24:508][  0]LogStats: UGameplayTagsManager::InitializeManager -  0.000 s
[2020.03.27-01.30.25:067][  0]LogInit: Initializing FReadOnlyCVARCache
[2020.03.27-01.30.25:092][  0]LogAIModule: Creating AISystem for world Untitled
[2020.03.27-01.30.25:111][  0]LogAudioMixer: Display: Audio Mixer Platform Settings:
[2020.03.27-01.30.25:111][  0]LogAudioMixer: Display: 	Sample Rate:						  48000
[2020.03.27-01.30.25:111][  0]LogAudioMixer: Display: 	Callback Buffer Frame Size Requested: 1024
[2020.03.27-01.30.25:111][  0]LogAudioMixer: Display: 	Callback Buffer Frame Size To Use:	  1024
[2020.03.27-01.30.25:112][  0]LogAudioMixer: Display: 	Number of buffers to queue:			  2
[2020.03.27-01.30.25:112][  0]LogAudioMixer: Display: 	Max Channels (voices):				  32
[2020.03.27-01.30.25:112][  0]LogAudioMixer: Display: 	Number of Async Source Workers:		  0
[2020.03.27-01.30.25:112][  0]LogAudio: Display: AudioDevice MaxSources: 32
[2020.03.27-01.30.25:112][  0]LogAudio: Display: Using built-in audio occlusion.
[2020.03.27-01.30.25:112][  0]LogAudioMixer: Display: Initializing audio mixer.
[2020.03.27-01.30.25:255][  0]LogAudioMixer: Display: Audio Device Output Speaker Info:
[2020.03.27-01.30.25:255][  0]LogAudioMixer: Display: Name: Focusrite USB (Focusrite USB Audio)
[2020.03.27-01.30.25:255][  0]LogAudioMixer: Display: Is Default: Yes
[2020.03.27-01.30.25:255][  0]LogAudioMixer: Display: Sample Rate: 48000
[2020.03.27-01.30.25:255][  0]LogAudioMixer: Display: Channel Count Used: 2
[2020.03.27-01.30.25:255][  0]LogAudioMixer: Display: Device Channel Count: 2
[2020.03.27-01.30.25:255][  0]LogAudioMixer: Display: Channel Order:
[2020.03.27-01.30.25:255][  0]LogAudioMixer: Display: 0: FrontLeft
[2020.03.27-01.30.25:255][  0]LogAudioMixer: Display: 1: FrontRight
[2020.03.27-01.30.25:274][  0]LogAudioMixer: Display: Using Audio Device Focusrite USB (Focusrite USB Audio)
[2020.03.27-01.30.25:280][  0]LogInit: FAudioDevice initialized.
[2020.03.27-01.30.25:280][  0]LogNetVersion: Set ProjectVersion to 1.0.0.0. Version Checksum will be recalculated on next use.
[2020.03.27-01.30.25:353][  0]LogDerivedDataCache: Saved boot cache 0.07s 78MB C:/Users/Tyler Work/AppData/Local/UnrealEngine/4.24/DerivedDataCache/Boot.ddc.
[2020.03.27-01.30.25:358][  0]LogInit: Texture streaming: Enabled
[2020.03.27-01.30.25:432][  0]LogEngineSessionManager: EngineSessionManager initialized
[2020.03.27-01.30.25:432][  0]LogEditorSessionSummary: Verbose: Initializing EditorSessionSummaryWriter for editor session tracking
[2020.03.27-01.30.25:434][  0]LogEditorSessionSummary: EditorSessionSummaryWriter initialized
[2020.03.27-01.30.25:524][  0]LogInit: Transaction tracking system initialized
[2020.03.27-01.30.25:640][  0]BlueprintLog: New page: Editor Load
[2020.03.27-01.30.25:943][  0]LocalizationService: Localization service is disabled
[2020.03.27-01.30.26:887][  0]LogFileCache: Scanning file cache for directory 'D:/UnrealProjects/Dilbert/Content/' took 0.01s
[2020.03.27-01.30.26:887][  0]LogCook: Display: Max memory allowance for cook 16384mb min free memory 0mb
[2020.03.27-01.30.26:887][  0]LogCook: Display: Mobile HDR setting 1
[2020.03.27-01.30.28:271][  0]SourceControl: Source control is disabled
[2020.03.27-01.30.28:271][  0]Cmd: MAP LOAD FILE="D:/UnrealProjects/Dilbert/Content/FirstPersonBP/Maps/FirstPersonExampleMap.umap" TEMPLATE=0 SHOWPROGRESS=1 FEATURELEVEL=3
[2020.03.27-01.30.28:272][  0]LightingResults: New page: Lighting Build
[2020.03.27-01.30.28:273][  0]LogWorld: UWorld::CleanupWorld for Untitled, bSessionEnded=true, bCleanupResources=true
[2020.03.27-01.30.28:273][  0]LogSlate: InvalidateAllWidgets triggered.  All widgets were invalidated
[2020.03.27-01.30.28:273][  0]MapCheck: New page: Map Check
[2020.03.27-01.30.28:273][  0]LightingResults: New page: Lighting Build
[2020.03.27-01.30.28:297][  0]LogUObjectHash: Compacting FUObjectHashTables data took   1.68ms
[2020.03.27-01.30.28:724][  0]LogAIModule: Creating AISystem for world FirstPersonExampleMap
[2020.03.27-01.30.28:743][  0]LogEditorServer: Finished looking for orphan Actors (0.000 secs)
[2020.03.27-01.30.28:771][  0]LogUObjectHash: Compacting FUObjectHashTables data took   2.02ms
[2020.03.27-01.30.28:771][  0]Cmd: MAP CHECKDEP NOCLEARLOG
[2020.03.27-01.30.28:771][  0]MapCheck: Map check complete: 0 Error(s), 0 Warning(s), took 0.091ms to complete.
[2020.03.27-01.30.28:771][  0]LogFileHelpers: Loading map 'FirstPersonExampleMap' took 0.499
[2020.03.27-01.30.28:942][  0]LogSlate: Updating window title bar state: overlay mode, drag disabled, window buttons hidden, title bar hidden
[2020.03.27-01.30.28:950][  0]LogSlate: Updating window title bar state: overlay mode, drag disabled, window buttons hidden, title bar hidden
[2020.03.27-01.30.28:958][  0]LogSlate: Updating window title bar state: overlay mode, drag disabled, window buttons hidden, title bar hidden
[2020.03.27-01.30.28:966][  0]LogSlate: Updating window title bar state: overlay mode, drag disabled, window buttons hidden, title bar hidden
[2020.03.27-01.30.28:993][  0]LogCollectionManager: Loaded 0 collections in 0.002111 seconds
[2020.03.27-01.30.29:008][  0]LogFileCache: Scanning file cache for directory 'D:/UnrealProjects/Dilbert/Saved/Collections/' took 0.00s
[2020.03.27-01.30.29:008][  0]LogFileCache: Scanning file cache for directory 'D:/UnrealProjects/Dilbert/Content/Developers/TylerWork/Collections/' took 0.00s
[2020.03.27-01.30.29:008][  0]LogFileCache: Scanning file cache for directory 'D:/UnrealProjects/Dilbert/Content/Collections/' took 0.00s
[2020.03.27-01.30.29:008][  0]LogContentBrowser: Native class hierarchy populated in 0.0089 seconds. Added 3025 classes and 735 folders.
[2020.03.27-01.30.29:010][  0]LogContentBrowser: Native class hierarchy updated for 'WidgetCarousel' in 0.0003 seconds. Added 0 classes and 0 folders.
[2020.03.27-01.30.29:367][  0]LogContentBrowser: Native class hierarchy updated for 'AddContentDialog' in 0.0003 seconds. Added 0 classes and 0 folders.
[2020.03.27-01.30.29:391][  0]LogContentBrowser: Native class hierarchy updated for 'SceneOutliner' in 0.0003 seconds. Added 2 classes and 3 folders.
[2020.03.27-01.30.29:421][  0]LogSlate: Took 0.006720 seconds to synchronously load lazily loaded font '../../../Engine/Content/Slate/Fonts/Roboto-Regular.ttf' (155K)
[2020.03.27-01.30.29:429][  0]LogSlate: Took 0.006246 seconds to synchronously load lazily loaded font '../../../Engine/Content/Slate/Fonts/Roboto-Bold.ttf' (160K)
[2020.03.27-01.30.29:440][  0]LogSlate: Took 0.006465 seconds to synchronously load lazily loaded font '../../../Engine/Content/Editor/Slate/Fonts/FontAwesome.ttf' (139K)
[2020.03.27-01.30.29:592][  0]LogRenderer: Reallocating scene render targets to support 1240x668 Format 10 NumSamples 1 (Frame:1).
[2020.03.27-01.30.29:720][  0]LogContentBrowser: Native class hierarchy updated for 'HierarchicalLODOutliner' in 0.0003 seconds. Added 0 classes and 0 folders.
[2020.03.27-01.30.29:721][  0]LogLoad: (Engine Initialization) Total time: 31.93 seconds
[2020.03.27-01.30.29:721][  0]LogLoad: (Engine Initialization) Total Blueprint compile time: 0.00 seconds
[2020.03.27-01.30.29:731][  0]LogSteamVRInputDevice: Display: SteamVR runtime 1.5.17 loaded.
[2020.03.27-01.30.29:732][  0]LogSteamVRInputDevice: Display: Action Manifest Path: D:/UnrealProjects/Dilbert/Config/SteamVRBindings/steamvr_manifest.json
[2020.03.27-01.30.29:732][  0]LogSteamVRInputDevice: Display: Controller Bindings Path: D:/UnrealProjects/Dilbert/Config/SteamVRBindings
[2020.03.27-01.30.29:735][  0]LogSteamVRInputDevice: Searching for Controller Bindings files at: D:/UnrealProjects/Dilbert/Config/SteamVRBindings
[2020.03.27-01.30.29:747][  0]LogSteamVRInputDevice: Display: [STEAMVR INPUT] Registering Application Manifest D:/UnrealProjects/Dilbert/Config/steamvr_ue_editor_app.json : VRApplicationError_None
[2020.03.27-01.30.29:748][  0]LogSteamVRInputDevice: Display: [STEAMVR INPUT] Editor Application [19524][application.generated.ue.first-person-bp-game-template-11590370.ue4editor.exe] identified to SteamVR: VRApplicationError_None
[2020.03.27-01.30.29:748][  0]LogSteamVRInputDevice: Display: [STEAMVR INPUT] Trying to load Action Manifest from: D:/UnrealProjects/Dilbert/Config/SteamVRBindings/steamvr_manifest.json
[2020.03.27-01.30.29:748][  0]LogSteamVRInputDevice: Display: [STEAMVR INPUT] Setting Action Manifest Path Result: Success
[2020.03.27-01.30.29:749][  0]LogSteamVRInputDevice: Display: [STEAMVR INPUT] Setting main action set: Success
[2020.03.27-01.30.29:749][  0]LogSteamVRInputDevice: Display: Retrieving Action Handle: /actions/main/in/controllerleft
[2020.03.27-01.30.29:749][  0]LogSteamVRInputDevice: Display: [STEAMVR INPUT] Setting Action Handle Path Result: Success
[2020.03.27-01.30.29:749][  0]LogSteamVRInputDevice: Display: Retrieving Action Handle: /actions/main/in/controllerright
[2020.03.27-01.30.29:749][  0]LogSteamVRInputDevice: Display: [STEAMVR INPUT] Setting Action Handle Path Result: Success
[2020.03.27-01.30.29:749][  0]LogSteamVRInputDevice: Display: Retrieving Action Handle: /actions/main/in/special1
[2020.03.27-01.30.29:749][  0]LogSteamVRInputDevice: Display: [STEAMVR INPUT] Setting Action Handle Path Result: Success
[2020.03.27-01.30.29:749][  0]LogSteamVRInputDevice: Display: Retrieving Action Handle: /actions/main/in/special2
[2020.03.27-01.30.29:749][  0]LogSteamVRInputDevice: Display: [STEAMVR INPUT] Setting Action Handle Path Result: Success
[2020.03.27-01.30.29:749][  0]LogSteamVRInputDevice: Display: Retrieving Action Handle: /actions/main/in/special3
[2020.03.27-01.30.29:749][  0]LogSteamVRInputDevice: Display: [STEAMVR INPUT] Setting Action Handle Path Result: Success
[2020.03.27-01.30.29:749][  0]LogSteamVRInputDevice: Display: Retrieving Action Handle: /actions/main/in/special4
[2020.03.27-01.30.29:749][  0]LogSteamVRInputDevice: Display: [STEAMVR INPUT] Setting Action Handle Path Result: Success
[2020.03.27-01.30.29:750][  0]LogSteamVRInputDevice: Display: Retrieving Action Handle: /actions/main/in/special5
[2020.03.27-01.30.29:750][  0]LogSteamVRInputDevice: Display: [STEAMVR INPUT] Setting Action Handle Path Result: Success
[2020.03.27-01.30.29:750][  0]LogSteamVRInputDevice: Display: Retrieving Action Handle: /actions/main/in/special6
[2020.03.27-01.30.29:750][  0]LogSteamVRInputDevice: Display: [STEAMVR INPUT] Setting Action Handle Path Result: Success
[2020.03.27-01.30.29:750][  0]LogSteamVRInputDevice: Display: Retrieving Action Handle: /actions/main/in/special7
[2020.03.27-01.30.29:750][  0]LogSteamVRInputDevice: Display: [STEAMVR INPUT] Setting Action Handle Path Result: Success
[2020.03.27-01.30.29:750][  0]LogSteamVRInputDevice: Display: Retrieving Action Handle: /actions/main/in/special8
[2020.03.27-01.30.29:750][  0]LogSteamVRInputDevice: Display: [STEAMVR INPUT] Setting Action Handle Path Result: Success
[2020.03.27-01.30.29:750][  0]LogSteamVRInputDevice: Display: Retrieving Action Handle: /actions/main/in/skeletonleft
[2020.03.27-01.30.29:750][  0]LogSteamVRInputDevice: Display: [STEAMVR INPUT] Setting Action Handle Path Result: Success
[2020.03.27-01.30.29:750][  0]LogSteamVRInputDevice: Display: Retrieving Action Handle: /actions/main/in/skeletonright
[2020.03.27-01.30.29:750][  0]LogSteamVRInputDevice: Display: [STEAMVR INPUT] Setting Action Handle Path Result: Success
[2020.03.27-01.30.29:750][  0]LogSteamVRInputDevice: Display: Retrieving Action Handle: /actions/main/out/vibrateleft
[2020.03.27-01.30.29:750][  0]LogSteamVRInputDevice: Display: [STEAMVR INPUT] Setting Action Handle Path Result: Success
[2020.03.27-01.30.29:750][  0]LogSteamVRInputDevice: Display: Retrieving Action Handle: /actions/main/out/vibrateright
[2020.03.27-01.30.29:750][  0]LogSteamVRInputDevice: Display: [STEAMVR INPUT] Setting Action Handle Path Result: Success
[2020.03.27-01.30.29:751][  0]LogSteamVRInputDevice: Display: Retrieving Action Handle: /actions/main/in/open_console
[2020.03.27-01.30.29:751][  0]LogSteamVRInputDevice: Display: [STEAMVR INPUT] Setting Action Handle Path Result: Success
[2020.03.27-01.30.29:751][  0]LogSteamVRInputDevice: Display: Retrieving Action Handle: /actions/main/in/Jump
[2020.03.27-01.30.29:751][  0]LogSteamVRInputDevice: Display: [STEAMVR INPUT] Setting Action Handle Path Result: Success
[2020.03.27-01.30.29:751][  0]LogSteamVRInputDevice: Display: Retrieving Action Handle: /actions/main/in/Jump
[2020.03.27-01.30.29:751][  0]LogSteamVRInputDevice: Display: [STEAMVR INPUT] Setting Action Handle Path Result: Success
[2020.03.27-01.30.29:751][  0]LogSteamVRInputDevice: Display: Retrieving Action Handle: /actions/main/in/Jump
[2020.03.27-01.30.29:751][  0]LogSteamVRInputDevice: Display: [STEAMVR INPUT] Setting Action Handle Path Result: Success
[2020.03.27-01.30.29:751][  0]LogSteamVRInputDevice: Display: Retrieving Action Handle: /actions/main/in/Jump
[2020.03.27-01.30.29:751][  0]LogSteamVRInputDevice: Display: [STEAMVR INPUT] Setting Action Handle Path Result: Success
[2020.03.27-01.30.29:751][  0]LogSteamVRInputDevice: Display: Retrieving Action Handle: /actions/main/in/Fire
[2020.03.27-01.30.29:751][  0]LogSteamVRInputDevice: Display: [STEAMVR INPUT] Setting Action Handle Path Result: Success
[2020.03.27-01.30.29:751][  0]LogSteamVRInputDevice: Display: Retrieving Action Handle: /actions/main/in/Fire
[2020.03.27-01.30.29:751][  0]LogSteamVRInputDevice: Display: [STEAMVR INPUT] Setting Action Handle Path Result: Success
[2020.03.27-01.30.29:751][  0]LogSteamVRInputDevice: Display: Retrieving Action Handle: /actions/main/in/Fire
[2020.03.27-01.30.29:751][  0]LogSteamVRInputDevice: Display: [STEAMVR INPUT] Setting Action Handle Path Result: Success
[2020.03.27-01.30.29:751][  0]LogSteamVRInputDevice: Display: Retrieving Action Handle: /actions/main/in/Fire
[2020.03.27-01.30.29:751][  0]LogSteamVRInputDevice: Display: [STEAMVR INPUT] Setting Action Handle Path Result: Success
[2020.03.27-01.30.29:751][  0]LogSteamVRInputDevice: Display: Retrieving Action Handle: /actions/main/in/ResetVR
[2020.03.27-01.30.29:751][  0]LogSteamVRInputDevice: Display: [STEAMVR INPUT] Setting Action Handle Path Result: Success
[2020.03.27-01.30.29:751][  0]LogSteamVRInputDevice: Display: Retrieving Action Handle: /actions/main/in/ResetVR
[2020.03.27-01.30.29:751][  0]LogSteamVRInputDevice: Display: [STEAMVR INPUT] Setting Action Handle Path Result: Success
[2020.03.27-01.30.29:751][  0]LogSteamVRInputDevice: Display: Retrieving Action Handle: /actions/main/in/ResetVR
[2020.03.27-01.30.29:751][  0]LogSteamVRInputDevice: Display: [STEAMVR INPUT] Setting Action Handle Path Result: Success
[2020.03.27-01.30.29:751][  0]LogSteamVRInputDevice: Display: Retrieving Action Handle: /actions/main/in/ResetVR
[2020.03.27-01.30.29:751][  0]LogSteamVRInputDevice: Display: [STEAMVR INPUT] Setting Action Handle Path Result: Success
[2020.03.27-01.30.29:751][  0]LogSteamVRInputDevice: Display: Retrieving Action Handle: /actions/main/in/MoveForward axis
[2020.03.27-01.30.29:751][  0]LogSteamVRInputDevice: Display: [STEAMVR INPUT] Setting Action Handle Path Result: Success
[2020.03.27-01.30.29:751][  0]LogSteamVRInputDevice: Display: Retrieving Action Handle: /actions/main/in/MoveForward axis
[2020.03.27-01.30.29:751][  0]LogSteamVRInputDevice: Display: [STEAMVR INPUT] Setting Action Handle Path Result: Success
[2020.03.27-01.30.29:751][  0]LogSteamVRInputDevice: Display: Retrieving Action Handle: /actions/main/in/MoveRight axis
[2020.03.27-01.30.29:751][  0]LogSteamVRInputDevice: Display: [STEAMVR INPUT] Setting Action Handle Path Result: Success
[2020.03.27-01.30.29:751][  0]LogSteamVRInputDevice: Display: Retrieving Action Handle: /actions/main/in/MoveRight axis
[2020.03.27-01.30.29:751][  0]LogSteamVRInputDevice: Display: [STEAMVR INPUT] Setting Action Handle Path Result: Success
[2020.03.27-01.30.29:751][  0]LogSteamVRInputDevice: Display: Retrieving Action Handle: /actions/main/in/MoveRight axis
[2020.03.27-01.30.29:752][  0]LogSteamVRInputDevice: Display: [STEAMVR INPUT] Setting Action Handle Path Result: Success
[2020.03.27-01.30.29:752][  0]LogSteamVRInputDevice: Display: Retrieving Action Handle: /actions/main/in/MoveRight axis
[2020.03.27-01.30.29:752][  0]LogSteamVRInputDevice: Display: [STEAMVR INPUT] Setting Action Handle Path Result: Success
[2020.03.27-01.30.29:752][  0]LogSteamVRInputDevice: Display: Action Manifest Path: D:/UnrealProjects/Dilbert/Config/SteamVRBindings/steamvr_manifest.json
[2020.03.27-01.30.29:752][  0]LogSteamVRInputDevice: Display: Controller Bindings Path: D:/UnrealProjects/Dilbert/Config/SteamVRBindings
[2020.03.27-01.30.29:754][  0]LogSteamVRInputDevice: Searching for Controller Bindings files at: D:/UnrealProjects/Dilbert/Config/SteamVRBindings
[2020.03.27-01.30.29:771][  0]LogSteamVRInputDevice: Display: [STEAMVR INPUT] Registering Application Manifest D:/UnrealProjects/Dilbert/Config/steamvr_ue_editor_app.json : VRApplicationError_None
[2020.03.27-01.30.29:771][  0]LogSteamVRInputDevice: Display: [STEAMVR INPUT] Editor Application [19524][application.generated.ue.first-person-bp-game-template-11590370.ue4editor.exe] identified to SteamVR: VRApplicationError_None
[2020.03.27-01.30.29:771][  0]LogSteamVRInputDevice: Display: [STEAMVR INPUT] Trying to load Action Manifest from: D:/UnrealProjects/Dilbert/Config/SteamVRBindings/steamvr_manifest.json
[2020.03.27-01.30.29:771][  0]LogSteamVRInputDevice: Display: [STEAMVR INPUT] Setting Action Manifest Path Result: Success
[2020.03.27-01.30.29:771][  0]LogSteamVRInputDevice: Display: [STEAMVR INPUT] Setting main action set: Success
[2020.03.27-01.30.29:771][  0]LogSteamVRInputDevice: Display: Retrieving Action Handle: /actions/main/in/controllerleft
[2020.03.27-01.30.29:771][  0]LogSteamVRInputDevice: Display: [STEAMVR INPUT] Setting Action Handle Path Result: Success
[2020.03.27-01.30.29:771][  0]LogSteamVRInputDevice: Display: Retrieving Action Handle: /actions/main/in/controllerright
[2020.03.27-01.30.29:771][  0]LogSteamVRInputDevice: Display: [STEAMVR INPUT] Setting Action Handle Path Result: Success
[2020.03.27-01.30.29:771][  0]LogSteamVRInputDevice: Display: Retrieving Action Handle: /actions/main/in/special1
[2020.03.27-01.30.29:771][  0]LogSteamVRInputDevice: Display: [STEAMVR INPUT] Setting Action Handle Path Result: Success
[2020.03.27-01.30.29:771][  0]LogSteamVRInputDevice: Display: Retrieving Action Handle: /actions/main/in/special2
[2020.03.27-01.30.29:772][  0]LogSteamVRInputDevice: Display: [STEAMVR INPUT] Setting Action Handle Path Result: Success
[2020.03.27-01.30.29:772][  0]LogSteamVRInputDevice: Display: Retrieving Action Handle: /actions/main/in/special3
[2020.03.27-01.30.29:772][  0]LogSteamVRInputDevice: Display: [STEAMVR INPUT] Setting Action Handle Path Result: Success
[2020.03.27-01.30.29:772][  0]LogSteamVRInputDevice: Display: Retrieving Action Handle: /actions/main/in/special4
[2020.03.27-01.30.29:772][  0]LogSteamVRInputDevice: Display: [STEAMVR INPUT] Setting Action Handle Path Result: Success
[2020.03.27-01.30.29:772][  0]LogSteamVRInputDevice: Display: Retrieving Action Handle: /actions/main/in/special5
[2020.03.27-01.30.29:772][  0]LogSteamVRInputDevice: Display: [STEAMVR INPUT] Setting Action Handle Path Result: Success
[2020.03.27-01.30.29:772][  0]LogSteamVRInputDevice: Display: Retrieving Action Handle: /actions/main/in/special6
[2020.03.27-01.30.29:772][  0]LogSteamVRInputDevice: Display: [STEAMVR INPUT] Setting Action Handle Path Result: Success
[2020.03.27-01.30.29:772][  0]LogSteamVRInputDevice: Display: Retrieving Action Handle: /actions/main/in/special7
[2020.03.27-01.30.29:772][  0]LogSteamVRInputDevice: Display: [STEAMVR INPUT] Setting Action Handle Path Result: Success
[2020.03.27-01.30.29:772][  0]LogSteamVRInputDevice: Display: Retrieving Action Handle: /actions/main/in/special8
[2020.03.27-01.30.29:772][  0]LogSteamVRInputDevice: Display: [STEAMVR INPUT] Setting Action Handle Path Result: Success
[2020.03.27-01.30.29:772][  0]LogSteamVRInputDevice: Display: Retrieving Action Handle: /actions/main/in/skeletonleft
[2020.03.27-01.30.29:772][  0]LogSteamVRInputDevice: Display: [STEAMVR INPUT] Setting Action Handle Path Result: Success
[2020.03.27-01.30.29:772][  0]LogSteamVRInputDevice: Display: Retrieving Action Handle: /actions/main/in/skeletonright
[2020.03.27-01.30.29:772][  0]LogSteamVRInputDevice: Display: [STEAMVR INPUT] Setting Action Handle Path Result: Success
[2020.03.27-01.30.29:772][  0]LogSteamVRInputDevice: Display: Retrieving Action Handle: /actions/main/out/vibrateleft
[2020.03.27-01.30.29:772][  0]LogSteamVRInputDevice: Display: [STEAMVR INPUT] Setting Action Handle Path Result: Success
[2020.03.27-01.30.29:772][  0]LogSteamVRInputDevice: Display: Retrieving Action Handle: /actions/main/out/vibrateright
[2020.03.27-01.30.29:772][  0]LogSteamVRInputDevice: Display: [STEAMVR INPUT] Setting Action Handle Path Result: Success
[2020.03.27-01.30.29:772][  0]LogSteamVRInputDevice: Display: Retrieving Action Handle: /actions/main/in/open_console
[2020.03.27-01.30.29:772][  0]LogSteamVRInputDevice: Display: [STEAMVR INPUT] Setting Action Handle Path Result: Success
[2020.03.27-01.30.29:772][  0]LogSteamVRInputDevice: Display: Retrieving Action Handle: /actions/main/in/Jump
[2020.03.27-01.30.29:772][  0]LogSteamVRInputDevice: Display: [STEAMVR INPUT] Setting Action Handle Path Result: Success
[2020.03.27-01.30.29:772][  0]LogSteamVRInputDevice: Display: Retrieving Action Handle: /actions/main/in/Jump
[2020.03.27-01.30.29:772][  0]LogSteamVRInputDevice: Display: [STEAMVR INPUT] Setting Action Handle Path Result: Success
[2020.03.27-01.30.29:772][  0]LogSteamVRInputDevice: Display: Retrieving Action Handle: /actions/main/in/Jump
[2020.03.27-01.30.29:772][  0]LogSteamVRInputDevice: Display: [STEAMVR INPUT] Setting Action Handle Path Result: Success
[2020.03.27-01.30.29:772][  0]LogSteamVRInputDevice: Display: Retrieving Action Handle: /actions/main/in/Jump
[2020.03.27-01.30.29:772][  0]LogSteamVRInputDevice: Display: [STEAMVR INPUT] Setting Action Handle Path Result: Success
[2020.03.27-01.30.29:772][  0]LogSteamVRInputDevice: Display: Retrieving Action Handle: /actions/main/in/Fire
[2020.03.27-01.30.29:772][  0]LogSteamVRInputDevice: Display: [STEAMVR INPUT] Setting Action Handle Path Result: Success
[2020.03.27-01.30.29:772][  0]LogSteamVRInputDevice: Display: Retrieving Action Handle: /actions/main/in/Fire
[2020.03.27-01.30.29:772][  0]LogSteamVRInputDevice: Display: [STEAMVR INPUT] Setting Action Handle Path Result: Success
[2020.03.27-01.30.29:772][  0]LogSteamVRInputDevice: Display: Retrieving Action Handle: /actions/main/in/Fire
[2020.03.27-01.30.29:772][  0]LogSteamVRInputDevice: Display: [STEAMVR INPUT] Setting Action Handle Path Result: Success
[2020.03.27-01.30.29:772][  0]LogSteamVRInputDevice: Display: Retrieving Action Handle: /actions/main/in/Fire
[2020.03.27-01.30.29:772][  0]LogSteamVRInputDevice: Display: [STEAMVR INPUT] Setting Action Handle Path Result: Success
[2020.03.27-01.30.29:772][  0]LogSteamVRInputDevice: Display: Retrieving Action Handle: /actions/main/in/ResetVR
[2020.03.27-01.30.29:772][  0]LogSteamVRInputDevice: Display: [STEAMVR INPUT] Setting Action Handle Path Result: Success
[2020.03.27-01.30.29:772][  0]LogSteamVRInputDevice: Display: Retrieving Action Handle: /actions/main/in/ResetVR
[2020.03.27-01.30.29:772][  0]LogSteamVRInputDevice: Display: [STEAMVR INPUT] Setting Action Handle Path Result: Success
[2020.03.27-01.30.29:772][  0]LogSteamVRInputDevice: Display: Retrieving Action Handle: /actions/main/in/ResetVR
[2020.03.27-01.30.29:772][  0]LogSteamVRInputDevice: Display: [STEAMVR INPUT] Setting Action Handle Path Result: Success
[2020.03.27-01.30.29:772][  0]LogSteamVRInputDevice: Display: Retrieving Action Handle: /actions/main/in/ResetVR
[2020.03.27-01.30.29:772][  0]LogSteamVRInputDevice: Display: [STEAMVR INPUT] Setting Action Handle Path Result: Success
[2020.03.27-01.30.29:772][  0]LogSteamVRInputDevice: Display: Retrieving Action Handle: /actions/main/in/MoveForward axis
[2020.03.27-01.30.29:772][  0]LogSteamVRInputDevice: Display: [STEAMVR INPUT] Setting Action Handle Path Result: Success
[2020.03.27-01.30.29:772][  0]LogSteamVRInputDevice: Display: Retrieving Action Handle: /actions/main/in/MoveForward axis
[2020.03.27-01.30.29:772][  0]LogSteamVRInputDevice: Display: [STEAMVR INPUT] Setting Action Handle Path Result: Success
[2020.03.27-01.30.29:772][  0]LogSteamVRInputDevice: Display: Retrieving Action Handle: /actions/main/in/MoveRight axis
[2020.03.27-01.30.29:772][  0]LogSteamVRInputDevice: Display: [STEAMVR INPUT] Setting Action Handle Path Result: Success
[2020.03.27-01.30.29:772][  0]LogSteamVRInputDevice: Display: Retrieving Action Handle: /actions/main/in/MoveRight axis
[2020.03.27-01.30.29:772][  0]LogSteamVRInputDevice: Display: [STEAMVR INPUT] Setting Action Handle Path Result: Success
[2020.03.27-01.30.29:772][  0]LogSteamVRInputDevice: Display: Retrieving Action Handle: /actions/main/in/MoveRight axis
[2020.03.27-01.30.29:772][  0]LogSteamVRInputDevice: Display: [STEAMVR INPUT] Setting Action Handle Path Result: Success
[2020.03.27-01.30.29:772][  0]LogSteamVRInputDevice: Display: Retrieving Action Handle: /actions/main/in/MoveRight axis
[2020.03.27-01.30.29:772][  0]LogSteamVRInputDevice: Display: [STEAMVR INPUT] Setting Action Handle Path Result: Success
[2020.03.27-01.30.29:828][  0]LogContentStreaming: Texture pool size now 1000 MB
[2020.03.27-01.30.29:843][  0]LogSlate: Took 0.000215 seconds to synchronously load lazily loaded font '../../../Engine/Content/Slate/Fonts/Roboto-Light.ttf' (167K)
[2020.03.27-01.30.30:386][ 11]LogAssetRegistry: Asset discovery search completed in 14.1801 seconds
[2020.03.27-01.30.30:390][ 11]LogCollectionManager: Fixed up redirectors for 0 collections in 0.000010 seconds (updated 0 objects)
[2020.03.27-01.31.27:537][194]LogConcert: Display: Admin (74C9914C4E78D8D8BD1671AB71D87A73): Remote endpoint '76EFB25F45C72D07CB747B9F5EA6E52F' discovered.
[2020.03.27-01.31.27:932][237]LogConcert: [Pending] Launching Unreal Multi-User Server...
[2020.03.27-01.31.27:970][237]LogConcert: [Success] Launched Unreal Multi-User Server
[2020.03.27-01.31.31:013][398]LogConcert: Display: Admin (74C9914C4E78D8D8BD1671AB71D87A73): Remote endpoint '5453E92745072CFD743A28BCA03F8EAF' discovered.
[2020.03.27-01.31.31:021][399]LogConcert: Display: Server MKTO discovered.
[2020.03.27-01.32.03:378][ 24]LogConcert: [Pending] Creating Session 'StittingGarted'...
[2020.03.27-01.32.03:378][ 24]LogConcert: [Pending] Creating Session 'StittingGarted'... - Validating Workspace...
[2020.03.27-01.32.03:382][ 24]LogSlate: Took 0.000156 seconds to synchronously load lazily loaded font '../../../Engine/Content/Slate/Fonts/Roboto-Light.ttf' (167K)
[2020.03.27-01.32.03:497][ 26]LogConcert: [Pending] Creating Session 'StittingGarted'... - Attempting Remote Connection...
[2020.03.27-01.32.03:786][ 30]SourceControl: Source control is disabled
[2020.03.27-01.32.03:787][ 30]SourceControl: Source control is disabled
[2020.03.27-01.32.04:163][ 30]LogMaterial: Display: Missing cached shader map for material M_ConcertClientPresence-Desktop, compiling. 
[2020.03.27-01.32.04:250][ 30]LogMaterial: Display: Missing cached shader map for material M_CameraFacing, compiling. 
[2020.03.27-01.32.04:265][ 30]LogShaderCompilers: Display: Worker (1/3): shaders left to compile 36
[2020.03.27-01.32.04:265][ 30]LogShaderCompilers: Display: Worker (2/3): shaders left to compile 26
[2020.03.27-01.32.04:265][ 30]LogShaderCompilers: Display: Worker (3/3): shaders left to compile 16
[2020.03.27-01.32.04:265][ 30]LogConcert: Display: Initialized Concert session 'StittingGarted' (Id: 37EDDB07421B1B527C08928DAC8B3DCF, Owner: Tyler Work).
[2020.03.27-01.32.04:265][ 30]LogConcert: Display: Connecting to Concert session 'StittingGarted' (Id: 37EDDB07421B1B527C08928DAC8B3DCF, Owner: Tyler Work).
[2020.03.27-01.32.04:295][ 31]LogConcert: Display: StittingGarted (1D19B9024647FD7DF79CEEA193D6E7B4): Remote endpoint '51CE7895493FB8E4724D53A155205476' discovered.
[2020.03.27-01.32.04:351][ 34]LogConcert: Display: Connected to Concert session 'StittingGarted' (Id: 37EDDB07421B1B527C08928DAC8B3DCF, Owner: Tyler Work).
[2020.03.27-01.32.04:366][ 36]LogConcert: Display: Synced activity '1' produced by endpoint '1D19B9024647FD7DF79CEEA193D6E7B4': Computer A joined the session.
[2020.03.27-01.32.04:385][ 37]LogConcert: [Success] Created Session 'StittingGarted'
[2020.03.27-01.32.17:443][252]LogAudioMixer: Display: Audio Buffer Underrun detected.
[2020.03.27-01.32.22:073][719]LogShaderCompilers: Display: Worker (2/3): shaders left to compile 29
[2020.03.27-01.32.27:138][175]LogShaderCompilers: Display: Worker (1/3): shaders left to compile 19
[2020.03.27-01.32.32:611][337]LogShaderCompilers: Display: Worker (3/3): shaders left to compile 12
[2020.03.27-01.32.34:301][377]LogShaderCompilers: Display: Worker (2/3): shaders left to compile 7
[2020.03.27-01.32.34:726][388]LogShaderCompilers: Display: Worker (1/3): shaders left to compile 4
[2020.03.27-01.32.36:096][420]LogShaderCompilers: Display: Worker (2/3): shaders left to compile 2
[2020.03.27-01.32.36:585][432]LogShaderCompilers: Display: Worker (3/3): shaders left to compile 1
[2020.03.27-01.34.35:397][988]LogSlate: Window 'Plugins' being destroyed
[2020.03.27-01.34.35:402][988]LogSlate: Window 'Plugins' being destroyed
[2020.03.27-01.34.35:402][988]LogDirectoryWatcher: A directory notification for '../../../Engine/Plugins/' was aborted.
[2020.03.27-01.35.24:849][372]LogUdpMessaging: Initializing bridge on interface 192.168.2.40:0 to multicast group 230.0.0.1:6666.
[2020.03.27-01.35.27:823][689]LogSlate: Window 'Project Settings' being destroyed
[2020.03.27-01.35.27:828][689]LogSlate: Window 'Project Settings' being destroyed
[2020.03.27-01.38.00:898][305]LogSlate: Window 'Project Settings' being destroyed
[2020.03.27-01.38.00:903][305]LogSlate: Window 'Project Settings' being destroyed
[2020.03.27-01.38.13:892][599]LogSlate: Window 'Multi-User Browser' being destroyed
[2020.03.27-01.38.38:237][750]LogSlate: Window 'Project Settings' being destroyed
[2020.03.27-01.38.38:241][750]LogSlate: Window 'Project Settings' being destroyed
[2020.03.27-01.38.54:273][375]LogSlate: Window 'Multi-User Browser' being destroyed
[2020.03.27-01.38.55:524][507]LogConcert: Display: Disconnected from Concert session 'StittingGarted' (Id: 37EDDB07421B1B527C08928DAC8B3DCF, Owner: Tyler Work).
[2020.03.27-01.38.55:527][507]SourceControl: Source control is disabled
[2020.03.27-01.38.55:535][507]LogDirectoryWatcher: A directory notification for 'D:/UnrealProjects/Dilbert/Intermediate/Concert/MultiUser/8EC7CF9D4FECA1072B8506B2EA9A193B/37EDDB07421B1B527C08928DAC8B3DCF/Sandbox/Engine/' was aborted.
[2020.03.27-01.38.55:535][507]LogDirectoryWatcher: A directory notification for 'D:/UnrealProjects/Dilbert/Intermediate/Concert/MultiUser/8EC7CF9D4FECA1072B8506B2EA9A193B/37EDDB07421B1B527C08928DAC8B3DCF/Sandbox/Dilbert/' was aborted.
[2020.03.27-01.38.55:535][507]LogDirectoryWatcher: A directory notification for 'D:/UnrealProjects/Dilbert/Intermediate/Concert/MultiUser/8EC7CF9D4FECA1072B8506B2EA9A193B/37EDDB07421B1B527C08928DAC8B3DCF/Sandbox/Paper2D/' was aborted.
[2020.03.27-01.38.55:535][507]LogDirectoryWatcher: A directory notification for 'D:/UnrealProjects/Dilbert/Intermediate/Concert/MultiUser/8EC7CF9D4FECA1072B8506B2EA9A193B/37EDDB07421B1B527C08928DAC8B3DCF/Sandbox/AnimationSharing/' was aborted.
[2020.03.27-01.38.55:535][507]LogDirectoryWatcher: A directory notification for 'D:/UnrealProjects/Dilbert/Intermediate/Concert/MultiUser/8EC7CF9D4FECA1072B8506B2EA9A193B/37EDDB07421B1B527C08928DAC8B3DCF/Sandbox/ConcertSyncClient/' was aborted.
[2020.03.27-01.38.55:536][507]LogDirectoryWatcher: A directory notification for 'D:/UnrealProjects/Dilbert/Intermediate/Concert/MultiUser/8EC7CF9D4FECA1072B8506B2EA9A193B/37EDDB07421B1B527C08928DAC8B3DCF/Sandbox/DatasmithContent/' was aborted.
[2020.03.27-01.38.55:536][507]LogDirectoryWatcher: A directory notification for 'D:/UnrealProjects/Dilbert/Intermediate/Concert/MultiUser/8EC7CF9D4FECA1072B8506B2EA9A193B/37EDDB07421B1B527C08928DAC8B3DCF/Sandbox/MagicLeap/' was aborted.
[2020.03.27-01.38.55:536][507]LogDirectoryWatcher: A directory notification for 'D:/UnrealProjects/Dilbert/Intermediate/Concert/MultiUser/8EC7CF9D4FECA1072B8506B2EA9A193B/37EDDB07421B1B527C08928DAC8B3DCF/Sandbox/MediaCompositing/' was aborted.
[2020.03.27-01.38.55:536][507]LogDirectoryWatcher: A directory notification for 'D:/UnrealProjects/Dilbert/Intermediate/Concert/MultiUser/8EC7CF9D4FECA1072B8506B2EA9A193B/37EDDB07421B1B527C08928DAC8B3DCF/Sandbox/OculusVR/' was aborted.
[2020.03.27-01.38.55:536][507]LogDirectoryWatcher: A directory notification for 'D:/UnrealProjects/Dilbert/Intermediate/Concert/MultiUser/8EC7CF9D4FECA1072B8506B2EA9A193B/37EDDB07421B1B527C08928DAC8B3DCF/Sandbox/PostSplashScreen/' was aborted.
[2020.03.27-01.38.55:536][507]LogDirectoryWatcher: A directory notification for 'D:/UnrealProjects/Dilbert/Intermediate/Concert/MultiUser/8EC7CF9D4FECA1072B8506B2EA9A193B/37EDDB07421B1B527C08928DAC8B3DCF/Sandbox/SteamVR/' was aborted.
[2020.03.27-01.38.55:646][507]LogConcert: Display: Shutdown Concert session 'StittingGarted' (Id: 37EDDB07421B1B527C08928DAC8B3DCF, Owner: Tyler Work).
[2020.03.27-01.38.55:839][507]LogConcert: Display: StittingGarted (1D19B9024647FD7DF79CEEA193D6E7B4): Remote endpoint '51CE7895493FB8E4724D53A155205476' timed-out.
[2020.03.27-01.38.57:471][685]LogConcert: Display: Server MKTO lost.
[2020.03.27-01.38.57:501][687]LogConcert: Display: Server MKTO discovered.
[2020.03.27-01.39.05:500][604]LogConcert: Display: Server MKTO lost.
[2020.03.27-01.40.00:504][170]LogConcert: Display: Admin (74C9914C4E78D8D8BD1671AB71D87A73): Remote endpoint '5453E92745072CFD743A28BCA03F8EAF' timed-out.
[2020.03.27-01.40.00:504][170]LogConcert: Warning: Admin (74C9914C4E78D8D8BD1671AB71D87A73): Message '4A077E354756DD8DEE9AD99769837D55' (ConcertAdmin_GetLiveSessionsRequest) timed-out sending to '5453E92745072CFD743A28BCA03F8EAF'.
[2020.03.27-01.40.00:504][170]LogConcert: Warning: Admin (74C9914C4E78D8D8BD1671AB71D87A73): Message 'B77970EF45786EFE5A72C58E975B4C23' (ConcertAdmin_GetArchivedSessionsRequest) timed-out sending to '5453E92745072CFD743A28BCA03F8EAF'.
[2020.03.27-01.40.00:757][200]LogSlate: Window 'Multi-User Browser' being destroyed
[2020.03.27-01.40.00:761][200]LogSlate: Window 'Multi-User Browser' being destroyed
[2020.03.27-01.40.10:972][309]LogSlate: Window 'Project Settings' being destroyed
[2020.03.27-01.40.10:976][309]LogSlate: Window 'Project Settings' being destroyed
[2020.03.27-01.40.14:698][736]LogConcert: [Pending] Joining Session '50.125.85.16' on '50.125.85.16'... - Looking for Server '50.125.85.16'...
[2020.03.27-01.40.26:748][117]LogConcert: Error: [Failure] Auto-Connection to Session '50.125.85.16' Canceled.
[2020.03.27-01.41.09:107][316]LogSlate: Window 'Multi-User Browser' being destroyed
[2020.03.27-01.41.09:110][316]LogSlate: Window 'Multi-User Browser' being destroyed
[2020.03.27-01.41.11:911][642]LogSlate: Window 'Multi-User Browser' being destroyed
[2020.03.27-01.41.11:915][642]LogSlate: Window 'Multi-User Browser' being destroyed
[2020.03.27-01.41.27:874][255]LogSlate: Window 'Project Settings' being destroyed
[2020.03.27-01.41.27:878][255]LogSlate: Window 'Project Settings' being destroyed
[2020.03.27-01.42.01:159][703]LogUdpMessaging: Initializing bridge on interface 192.168.2.40:0 to multicast group 230.0.0.1:6666.
[2020.03.27-01.42.05:264][ 96]LogUdpMessaging: Initializing bridge on interface 192.168.2.40:0 to multicast group 230.0.0.1:6666.
[2020.03.27-01.42.06:370][ 96]LogUdpMessaging: Initializing bridge on interface 192.168.2.40:0 to multicast group 230.0.0.1:6666.
[2020.03.27-01.42.06:386][ 96]LogUdpMessaging: Initializing tunnel on interface 0.0.0.0:0 to multicast group 230.0.0.1:6666.
[2020.03.27-01.42.08:477][245]LogUdpMessaging: Initializing bridge on interface 192.168.2.40:0 to multicast group 230.0.0.1:6666.
[2020.03.27-01.42.14:531][917]LogSlate: Window 'Project Settings' being destroyed
[2020.03.27-01.42.14:534][917]LogSlate: Window 'Project Settings' being destroyed
[2020.03.27-01.42.59:092][775]LogConcert: Display: Admin (74C9914C4E78D8D8BD1671AB71D87A73): Remote endpoint '76EFB25F45C72D07CB747B9F5EA6E52F' timed-out.
[2020.03.27-01.43.24:107][442]LogSlate: Window 'Source Control Login' being destroyed
[2020.03.27-01.43.31:271][220]SourceControl: fatal: E:/Unreal/UE_4.24/Engine/Content: 'E:/Unreal/UE_4.24/Engine/Content' is outside repository at 'D:/UnrealProjects/Dilbert'
[2020.03.27-01.43.39:570][220]LogSlate: Window 'Submit Files' being destroyed
[2020.03.27-01.43.41:022][220]LogSourceControl: commit successful: [master 9e97e63] Testing
[2020.03.27-01.43.41:102][220]SourceControl: [master 9e97e63] Testing
[2020.03.27-01.43.41:102][220]SourceControl:  1 file changed, 0 insertions(+), 0 deletions(-)
[2020.03.27-01.43.41:108][220]SourceControl: Commited [master 9e97e63] Testing.
[2020.03.27-01.44.04:506][608]LogRenderer: Reallocating scene render targets to support 1528x668 Format 10 NumSamples 1 (Frame:57380).
[2020.03.27-01.44.05:728][741]LogEditorViewport: Clicking on Actor (LMB): BP_Sky_Sphere_C (SkySphereBlueprint)
[2020.03.27-01.44.08:010][979]LogSlate: Window 'Modes' being destroyed
[2020.03.27-01.44.18:569][ 35]LogSlate: Window 'Source Control Login' being destroyed
[2020.03.27-01.44.31:606][716]LogRenderer: Reallocating scene render targets to support 1528x924 Format 10 NumSamples 1 (Frame:58800).
[2020.03.27-01.44.47:851][394]SourceControl: fatal: E:/Unreal/UE_4.24/Engine/Content: 'E:/Unreal/UE_4.24/Engine/Content' is outside repository at 'D:/UnrealProjects/Dilbert'
[2020.03.27-01.44.47:997][394]EditorErrors: Warning: No assets to check in!
[2020.03.27-01.45.09:658][505]LogSlate: Window 'Editor Preferences' being destroyed
[2020.03.27-01.45.24:720][938]LogSlate: Window 'Project Settings' being destroyed
[2020.03.27-01.45.32:032][701]LogEditorViewport: Clicking on Actor (LMB): BP_Sky_Sphere_C (SkySphereBlueprint)
[2020.03.27-01.45.38:518][948]LogSlate: Took 0.007164 seconds to synchronously load lazily loaded font '../../../Engine/Content/Slate/Fonts/Roboto-Italic.ttf' (157K)
[2020.03.27-01.46.22:254][263]LogSlate: Window 'Source Control Login' being destroyed
